#
# There is insufficient memory for the Java Runtime Environment to continue.
# Native memory allocation (malloc) failed to allocate 512176 bytes for Chunk::new
# Possible reasons:
#   The system is out of physical RAM or swap space
#   The process is running with CompressedOops enabled, and the Java Heap may be blocking the growth of the native heap
# Possible solutions:
#   Reduce memory load on the system
#   Increase physical memory or swap space
#   Check if swap backing store is full
#   Decrease Java heap size (-Xmx/-Xms)
#   Decrease number of Java threads
#   Decrease Java thread stack sizes (-Xss)
#   Set larger code cache with -XX:ReservedCodeCacheSize=
#   JVM is running with Unscaled Compressed Oops mode in which the Java heap is
#     placed in the first 4GB address space. The Java Heap base address is the
#     maximum limit for the native heap growth. Please use -XX:HeapBaseMinAddress
#     to set the Java Heap base and to place the Java Heap above 4GB virtual address.
# This output file may be truncated or incomplete.
#
#  Out of Memory Error (arena.cpp:168), pid=11608, tid=20252
#
# JRE version: Java(TM) SE Runtime Environment (21.0.5+9) (build 21.0.5+9-LTS-239)
# Java VM: Java HotSpot(TM) 64-Bit Server VM (21.0.5+9-LTS-239, mixed mode, sharing, tiered, compressed oops, compressed class ptrs, g1 gc, windows-amd64)
# No core dump will be written. Minidumps are not enabled by default on client versions of Windows
#

---------------  S U M M A R Y ------------

Command Line: -javaagent:C:\Users\luhmg\AppData\Local\Programs\IntelliJ IDEA Community Edition\lib\idea_rt.jar=54544:C:\Users\luhmg\AppData\Local\Programs\IntelliJ IDEA Community Edition\bin -Dfile.encoding=UTF-8 -Dsun.stdout.encoding=UTF-8 -Dsun.stderr.encoding=UTF-8 com.luizgasparetto.universitysystem.UniversitySystemApplication

Host: AMD Ryzen 5 5500U with Radeon Graphics         , 12 cores, 5G,  Windows 11 , 64 bit Build 26100 (10.0.26100.1882)
Time: Sun Dec 29 01:06:29 2024 E. South America Standard Time elapsed time: 4.569097 seconds (0d 0h 0m 4s)

---------------  T H R E A D  ---------------

Current thread (0x000001ce73d10ec0):  JavaThread "C2 CompilerThread0" daemon [_thread_in_native, id=20252, stack(0x0000009f37800000,0x0000009f37900000) (1024K)]


Current CompileTask:
C2:   4569 2622       4       java.util.HashSet::add (20 bytes)

Stack: [0x0000009f37800000,0x0000009f37900000]
Native frames: (J=compiled Java code, j=interpreted, Vv=VM code, C=native code)
V  [jvm.dll+0x6ca289]
V  [jvm.dll+0x854a51]
V  [jvm.dll+0x856f7e]
V  [jvm.dll+0x857653]
V  [jvm.dll+0x27dd26]
V  [jvm.dll+0xc4c2d]
V  [jvm.dll+0xc5163]
V  [jvm.dll+0x3b4d3c]
V  [jvm.dll+0x3814b5]
V  [jvm.dll+0x38092a]
V  [jvm.dll+0x246910]
V  [jvm.dll+0x245eef]
V  [jvm.dll+0x1c6d0e]
V  [jvm.dll+0x2554d9]
V  [jvm.dll+0x253a6a]
V  [jvm.dll+0x3ee136]
V  [jvm.dll+0x7fee9b]
V  [jvm.dll+0x6c896d]
C  [ucrtbase.dll+0x14ea0]
C  [KERNEL32.DLL+0x2dbe7]
C  [ntdll.dll+0x85a4c]


---------------  P R O C E S S  ---------------

Threads class SMR info:
_java_thread_list=0x000001ce793845a0, length=15, elements={
0x000001ce571a6c50, 0x000001ce73cfce50, 0x000001ce73cfd6b0, 0x000001ce73d01ea0,
0x000001ce73d03d80, 0x000001ce73d0b300, 0x000001ce73d0fd90, 0x000001ce73d10ec0,
0x000001ce73d15200, 0x000001ce73cd2800, 0x000001ce78215da0, 0x000001ce783f66f0,
0x000001ce782bfc90, 0x000001ce78772130, 0x000001ce78870e50
}

Java Threads: ( => current thread )
  0x000001ce571a6c50 JavaThread "main"                              [_thread_blocked, id=3500, stack(0x0000009f36a00000,0x0000009f36b00000) (1024K)]
  0x000001ce73cfce50 JavaThread "Reference Handler"          daemon [_thread_blocked, id=21232, stack(0x0000009f37200000,0x0000009f37300000) (1024K)]
  0x000001ce73cfd6b0 JavaThread "Finalizer"                  daemon [_thread_blocked, id=2084, stack(0x0000009f37300000,0x0000009f37400000) (1024K)]
  0x000001ce73d01ea0 JavaThread "Signal Dispatcher"          daemon [_thread_blocked, id=23548, stack(0x0000009f37400000,0x0000009f37500000) (1024K)]
  0x000001ce73d03d80 JavaThread "Attach Listener"            daemon [_thread_blocked, id=20664, stack(0x0000009f37500000,0x0000009f37600000) (1024K)]
  0x000001ce73d0b300 JavaThread "Service Thread"             daemon [_thread_blocked, id=5844, stack(0x0000009f37600000,0x0000009f37700000) (1024K)]
  0x000001ce73d0fd90 JavaThread "Monitor Deflation Thread"   daemon [_thread_blocked, id=15664, stack(0x0000009f37700000,0x0000009f37800000) (1024K)]
=>0x000001ce73d10ec0 JavaThread "C2 CompilerThread0"         daemon [_thread_in_native, id=20252, stack(0x0000009f37800000,0x0000009f37900000) (1024K)]
  0x000001ce73d15200 JavaThread "C1 CompilerThread0"         daemon [_thread_blocked, id=6340, stack(0x0000009f37900000,0x0000009f37a00000) (1024K)]
  0x000001ce73cd2800 JavaThread "Common-Cleaner"             daemon [_thread_blocked, id=11996, stack(0x0000009f37a00000,0x0000009f37b00000) (1024K)]
  0x000001ce78215da0 JavaThread "C2 CompilerThread1"         daemon [_thread_blocked, id=17020, stack(0x0000009f37b00000,0x0000009f37c00000) (1024K)]
  0x000001ce783f66f0 JavaThread "Monitor Ctrl-Break"         daemon [_thread_in_native, id=5316, stack(0x0000009f37c00000,0x0000009f37d00000) (1024K)]
  0x000001ce782bfc90 JavaThread "Notification Thread"        daemon [_thread_blocked, id=6140, stack(0x0000009f37d00000,0x0000009f37e00000) (1024K)]
  0x000001ce78772130 JavaThread "Thread-0"                          [_thread_blocked, id=25112, stack(0x0000009f37e00000,0x0000009f37f00000) (1024K)]
  0x000001ce78870e50 JavaThread "restartedMain"                     [_thread_in_Java, id=4416, stack(0x0000009f37f00000,0x0000009f38000000) (1024K)]
Total: 15

Other Threads:
  0x000001ce557b5ee0 VMThread "VM Thread"                           [id=5312, stack(0x0000009f37100000,0x0000009f37200000) (1024K)]
  0x000001ce73cd2170 WatcherThread "VM Periodic Task Thread"        [id=22632, stack(0x0000009f37000000,0x0000009f37100000) (1024K)]
  0x000001ce557b74a0 WorkerThread "GC Thread#0"                     [id=21856, stack(0x0000009f36b00000,0x0000009f36c00000) (1024K)]
  0x000001ce557b6280 WorkerThread "GC Thread#1"                     [id=15936, stack(0x0000009f38000000,0x0000009f38100000) (1024K)]
  0x000001ce557b69c0 WorkerThread "GC Thread#2"                     [id=22988, stack(0x0000009f38100000,0x0000009f38200000) (1024K)]
  0x000001ce557b6620 WorkerThread "GC Thread#3"                     [id=10820, stack(0x0000009f38200000,0x0000009f38300000) (1024K)]
  0x000001ce557b6d60 WorkerThread "GC Thread#4"                     [id=12840, stack(0x0000009f38300000,0x0000009f38400000) (1024K)]
  0x000001ce78c756b0 WorkerThread "GC Thread#5"                     [id=3784, stack(0x0000009f38400000,0x0000009f38500000) (1024K)]
  0x000001ce78c75a50 WorkerThread "GC Thread#6"                     [id=23248, stack(0x0000009f38600000,0x0000009f38700000) (1024K)]
  0x000001ce78c75310 WorkerThread "GC Thread#7"                     [id=24936, stack(0x0000009f38700000,0x0000009f38800000) (1024K)]
  0x000001ce78c76c70 WorkerThread "GC Thread#8"                     [id=11104, stack(0x0000009f38800000,0x0000009f38900000) (1024K)]
  0x000001ce78c75df0 WorkerThread "GC Thread#9"                     [id=24420, stack(0x0000009f38900000,0x0000009f38a00000) (1024K)]
  0x000001ce571fc110 ConcurrentGCThread "G1 Main Marker"            [id=15376, stack(0x0000009f36c00000,0x0000009f36d00000) (1024K)]
  0x000001ce557b7840 WorkerThread "G1 Conc#0"                       [id=10592, stack(0x0000009f36d00000,0x0000009f36e00000) (1024K)]
  0x000001ce73b9d5b0 ConcurrentGCThread "G1 Refine#0"               [id=8696, stack(0x0000009f36e00000,0x0000009f36f00000) (1024K)]
  0x000001ce73b9dee0 ConcurrentGCThread "G1 Service"                [id=7172, stack(0x0000009f36f00000,0x0000009f37000000) (1024K)]
Total: 16

Threads with active compile tasks:
C2 CompilerThread0     4603 2622       4       java.util.HashSet::add (20 bytes)
C1 CompilerThread0     4603 2696       3       org.springframework.core.OrderComparator::findOrder (26 bytes)
Total: 2

VM state: not at safepoint (normal execution)

VM Mutex/Monitor currently owned by a thread: None

Heap address: 0x00000000a2200000, size: 1502 MB, Compressed Oops mode: 32-bit

CDS archive(s) mapped at: [0x000001ce00000000-0x000001ce00c90000-0x000001ce00c90000), size 13172736, SharedBaseAddress: 0x000001ce00000000, ArchiveRelocationMode: 1.
Compressed class space mapped at: 0x000001ce01000000-0x000001ce41000000, reserved size: 1073741824
Narrow klass base: 0x000001ce00000000, Narrow klass shift: 0, Narrow klass range: 0x100000000

GC Precious Log:
 CardTable entry size: 512
 Card Set container configuration: InlinePtr #cards 5 size 8 Array Of Cards #cards 12 size 40 Howl #buckets 4 coarsen threshold 1843 Howl Bitmap #cards 512 size 80 coarsen threshold 460 Card regions per heap region 1 cards per card region 2048
 CPUs: 12 total, 12 available
 Memory: 6005M
 Large Page Support: Disabled
 NUMA Support: Disabled
 Compressed Oops: Enabled (32-bit)
 Heap Region Size: 1M
 Heap Min Capacity: 8M
 Heap Initial Capacity: 94M
 Heap Max Capacity: 1502M
 Pre-touch: Disabled
 Parallel Workers: 10
 Concurrent Workers: 3
 Concurrent Refinement Workers: 10
 Periodic GC: Disabled

Heap:
 garbage-first heap   total 96256K, used 40765K [0x00000000a2200000, 0x0000000100000000)
  region size 1024K, 34 young (34816K), 3 survivors (3072K)
 Metaspace       used 19473K, committed 19776K, reserved 1114112K
  class space    used 2334K, committed 2496K, reserved 1048576K

Heap Regions: E=young(eden), S=young(survivor), O=old, HS=humongous(starts), HC=humongous(continues), CS=collection set, F=free, TAMS=top-at-mark-start, PB=parsable bottom
|   0|0x00000000a2200000, 0x00000000a2300000, 0x00000000a2300000|100%|HS|  |TAMS 0x00000000a2200000| PB 0x00000000a2200000| Complete 
|   1|0x00000000a2300000, 0x00000000a2400000, 0x00000000a2400000|100%|HS|  |TAMS 0x00000000a2300000| PB 0x00000000a2300000| Complete 
|   2|0x00000000a2400000, 0x00000000a2500000, 0x00000000a2500000|100%| O|  |TAMS 0x00000000a2400000| PB 0x00000000a2400000| Untracked 
|   3|0x00000000a2500000, 0x00000000a2600000, 0x00000000a2600000|100%| O|  |TAMS 0x00000000a2500000| PB 0x00000000a2500000| Untracked 
|   4|0x00000000a2600000, 0x00000000a2700000, 0x00000000a2700000|100%| O|  |TAMS 0x00000000a2600000| PB 0x00000000a2600000| Untracked 
|   5|0x00000000a2700000, 0x00000000a2800000, 0x00000000a2800000|100%| O|  |TAMS 0x00000000a2700000| PB 0x00000000a2700000| Untracked 
|   6|0x00000000a2800000, 0x00000000a2900000, 0x00000000a2900000|100%| O|  |TAMS 0x00000000a2800000| PB 0x00000000a2800000| Untracked 
|   7|0x00000000a2900000, 0x00000000a29e48d0, 0x00000000a2a00000| 89%| O|  |TAMS 0x00000000a2900000| PB 0x00000000a2900000| Untracked 
|   8|0x00000000a2a00000, 0x00000000a2a00000, 0x00000000a2b00000|  0%| F|  |TAMS 0x00000000a2a00000| PB 0x00000000a2a00000| Untracked 
|   9|0x00000000a2b00000, 0x00000000a2b00000, 0x00000000a2c00000|  0%| F|  |TAMS 0x00000000a2b00000| PB 0x00000000a2b00000| Untracked 
|  10|0x00000000a2c00000, 0x00000000a2c00000, 0x00000000a2d00000|  0%| F|  |TAMS 0x00000000a2c00000| PB 0x00000000a2c00000| Untracked 
|  11|0x00000000a2d00000, 0x00000000a2d00000, 0x00000000a2e00000|  0%| F|  |TAMS 0x00000000a2d00000| PB 0x00000000a2d00000| Untracked 
|  12|0x00000000a2e00000, 0x00000000a2e00000, 0x00000000a2f00000|  0%| F|  |TAMS 0x00000000a2e00000| PB 0x00000000a2e00000| Untracked 
|  13|0x00000000a2f00000, 0x00000000a2f00000, 0x00000000a3000000|  0%| F|  |TAMS 0x00000000a2f00000| PB 0x00000000a2f00000| Untracked 
|  14|0x00000000a3000000, 0x00000000a3000000, 0x00000000a3100000|  0%| F|  |TAMS 0x00000000a3000000| PB 0x00000000a3000000| Untracked 
|  15|0x00000000a3100000, 0x00000000a3100000, 0x00000000a3200000|  0%| F|  |TAMS 0x00000000a3100000| PB 0x00000000a3100000| Untracked 
|  16|0x00000000a3200000, 0x00000000a3200000, 0x00000000a3300000|  0%| F|  |TAMS 0x00000000a3200000| PB 0x00000000a3200000| Untracked 
|  17|0x00000000a3300000, 0x00000000a3300000, 0x00000000a3400000|  0%| F|  |TAMS 0x00000000a3300000| PB 0x00000000a3300000| Untracked 
|  18|0x00000000a3400000, 0x00000000a3400000, 0x00000000a3500000|  0%| F|  |TAMS 0x00000000a3400000| PB 0x00000000a3400000| Untracked 
|  19|0x00000000a3500000, 0x00000000a3500000, 0x00000000a3600000|  0%| F|  |TAMS 0x00000000a3500000| PB 0x00000000a3500000| Untracked 
|  20|0x00000000a3600000, 0x00000000a3600000, 0x00000000a3700000|  0%| F|  |TAMS 0x00000000a3600000| PB 0x00000000a3600000| Untracked 
|  21|0x00000000a3700000, 0x00000000a3700000, 0x00000000a3800000|  0%| F|  |TAMS 0x00000000a3700000| PB 0x00000000a3700000| Untracked 
|  22|0x00000000a3800000, 0x00000000a3800000, 0x00000000a3900000|  0%| F|  |TAMS 0x00000000a3800000| PB 0x00000000a3800000| Untracked 
|  23|0x00000000a3900000, 0x00000000a3900000, 0x00000000a3a00000|  0%| F|  |TAMS 0x00000000a3900000| PB 0x00000000a3900000| Untracked 
|  24|0x00000000a3a00000, 0x00000000a3a00000, 0x00000000a3b00000|  0%| F|  |TAMS 0x00000000a3a00000| PB 0x00000000a3a00000| Untracked 
|  25|0x00000000a3b00000, 0x00000000a3b00000, 0x00000000a3c00000|  0%| F|  |TAMS 0x00000000a3b00000| PB 0x00000000a3b00000| Untracked 
|  26|0x00000000a3c00000, 0x00000000a3c00000, 0x00000000a3d00000|  0%| F|  |TAMS 0x00000000a3c00000| PB 0x00000000a3c00000| Untracked 
|  27|0x00000000a3d00000, 0x00000000a3d00000, 0x00000000a3e00000|  0%| F|  |TAMS 0x00000000a3d00000| PB 0x00000000a3d00000| Untracked 
|  28|0x00000000a3e00000, 0x00000000a3e00000, 0x00000000a3f00000|  0%| F|  |TAMS 0x00000000a3e00000| PB 0x00000000a3e00000| Untracked 
|  29|0x00000000a3f00000, 0x00000000a3f00000, 0x00000000a4000000|  0%| F|  |TAMS 0x00000000a3f00000| PB 0x00000000a3f00000| Untracked 
|  30|0x00000000a4000000, 0x00000000a4000000, 0x00000000a4100000|  0%| F|  |TAMS 0x00000000a4000000| PB 0x00000000a4000000| Untracked 
|  31|0x00000000a4100000, 0x00000000a4100000, 0x00000000a4200000|  0%| F|  |TAMS 0x00000000a4100000| PB 0x00000000a4100000| Untracked 
|  32|0x00000000a4200000, 0x00000000a4200000, 0x00000000a4300000|  0%| F|  |TAMS 0x00000000a4200000| PB 0x00000000a4200000| Untracked 
|  33|0x00000000a4300000, 0x00000000a4300000, 0x00000000a4400000|  0%| F|  |TAMS 0x00000000a4300000| PB 0x00000000a4300000| Untracked 
|  34|0x00000000a4400000, 0x00000000a4400000, 0x00000000a4500000|  0%| F|  |TAMS 0x00000000a4400000| PB 0x00000000a4400000| Untracked 
|  35|0x00000000a4500000, 0x00000000a4500000, 0x00000000a4600000|  0%| F|  |TAMS 0x00000000a4500000| PB 0x00000000a4500000| Untracked 
|  36|0x00000000a4600000, 0x00000000a4600000, 0x00000000a4700000|  0%| F|  |TAMS 0x00000000a4600000| PB 0x00000000a4600000| Untracked 
|  37|0x00000000a4700000, 0x00000000a4700000, 0x00000000a4800000|  0%| F|  |TAMS 0x00000000a4700000| PB 0x00000000a4700000| Untracked 
|  38|0x00000000a4800000, 0x00000000a4800000, 0x00000000a4900000|  0%| F|  |TAMS 0x00000000a4800000| PB 0x00000000a4800000| Untracked 
|  39|0x00000000a4900000, 0x00000000a4900000, 0x00000000a4a00000|  0%| F|  |TAMS 0x00000000a4900000| PB 0x00000000a4900000| Untracked 
|  40|0x00000000a4a00000, 0x00000000a4a00000, 0x00000000a4b00000|  0%| F|  |TAMS 0x00000000a4a00000| PB 0x00000000a4a00000| Untracked 
|  41|0x00000000a4b00000, 0x00000000a4b00000, 0x00000000a4c00000|  0%| F|  |TAMS 0x00000000a4b00000| PB 0x00000000a4b00000| Untracked 
|  42|0x00000000a4c00000, 0x00000000a4c00000, 0x00000000a4d00000|  0%| F|  |TAMS 0x00000000a4c00000| PB 0x00000000a4c00000| Untracked 
|  43|0x00000000a4d00000, 0x00000000a4d00000, 0x00000000a4e00000|  0%| F|  |TAMS 0x00000000a4d00000| PB 0x00000000a4d00000| Untracked 
|  44|0x00000000a4e00000, 0x00000000a4e00000, 0x00000000a4f00000|  0%| F|  |TAMS 0x00000000a4e00000| PB 0x00000000a4e00000| Untracked 
|  45|0x00000000a4f00000, 0x00000000a4f00000, 0x00000000a5000000|  0%| F|  |TAMS 0x00000000a4f00000| PB 0x00000000a4f00000| Untracked 
|  46|0x00000000a5000000, 0x00000000a5000000, 0x00000000a5100000|  0%| F|  |TAMS 0x00000000a5000000| PB 0x00000000a5000000| Untracked 
|  47|0x00000000a5100000, 0x00000000a5100000, 0x00000000a5200000|  0%| F|  |TAMS 0x00000000a5100000| PB 0x00000000a5100000| Untracked 
|  48|0x00000000a5200000, 0x00000000a5200000, 0x00000000a5300000|  0%| F|  |TAMS 0x00000000a5200000| PB 0x00000000a5200000| Untracked 
|  49|0x00000000a5300000, 0x00000000a5300000, 0x00000000a5400000|  0%| F|  |TAMS 0x00000000a5300000| PB 0x00000000a5300000| Untracked 
|  50|0x00000000a5400000, 0x00000000a5400000, 0x00000000a5500000|  0%| F|  |TAMS 0x00000000a5400000| PB 0x00000000a5400000| Untracked 
|  51|0x00000000a5500000, 0x00000000a5500000, 0x00000000a5600000|  0%| F|  |TAMS 0x00000000a5500000| PB 0x00000000a5500000| Untracked 
|  52|0x00000000a5600000, 0x00000000a5600000, 0x00000000a5700000|  0%| F|  |TAMS 0x00000000a5600000| PB 0x00000000a5600000| Untracked 
|  53|0x00000000a5700000, 0x00000000a5700000, 0x00000000a5800000|  0%| F|  |TAMS 0x00000000a5700000| PB 0x00000000a5700000| Untracked 
|  54|0x00000000a5800000, 0x00000000a5800000, 0x00000000a5900000|  0%| F|  |TAMS 0x00000000a5800000| PB 0x00000000a5800000| Untracked 
|  55|0x00000000a5900000, 0x00000000a5900000, 0x00000000a5a00000|  0%| F|  |TAMS 0x00000000a5900000| PB 0x00000000a5900000| Untracked 
|  56|0x00000000a5a00000, 0x00000000a5a00000, 0x00000000a5b00000|  0%| F|  |TAMS 0x00000000a5a00000| PB 0x00000000a5a00000| Untracked 
|  57|0x00000000a5b00000, 0x00000000a5b00000, 0x00000000a5c00000|  0%| F|  |TAMS 0x00000000a5b00000| PB 0x00000000a5b00000| Untracked 
|  58|0x00000000a5c00000, 0x00000000a5c00000, 0x00000000a5d00000|  0%| F|  |TAMS 0x00000000a5c00000| PB 0x00000000a5c00000| Untracked 
|  59|0x00000000a5d00000, 0x00000000a5deacb8, 0x00000000a5e00000| 91%| S|CS|TAMS 0x00000000a5d00000| PB 0x00000000a5d00000| Complete 
|  60|0x00000000a5e00000, 0x00000000a5f00000, 0x00000000a5f00000|100%| S|CS|TAMS 0x00000000a5e00000| PB 0x00000000a5e00000| Complete 
|  61|0x00000000a5f00000, 0x00000000a6000000, 0x00000000a6000000|100%| S|CS|TAMS 0x00000000a5f00000| PB 0x00000000a5f00000| Complete 
|  62|0x00000000a6000000, 0x00000000a6000000, 0x00000000a6100000|  0%| F|  |TAMS 0x00000000a6000000| PB 0x00000000a6000000| Untracked 
|  63|0x00000000a6100000, 0x00000000a61b0888, 0x00000000a6200000| 68%| E|  |TAMS 0x00000000a6100000| PB 0x00000000a6100000| Complete 
|  64|0x00000000a6200000, 0x00000000a6300000, 0x00000000a6300000|100%| E|CS|TAMS 0x00000000a6200000| PB 0x00000000a6200000| Complete 
|  65|0x00000000a6300000, 0x00000000a6400000, 0x00000000a6400000|100%| E|CS|TAMS 0x00000000a6300000| PB 0x00000000a6300000| Complete 
|  66|0x00000000a6400000, 0x00000000a6500000, 0x00000000a6500000|100%| E|CS|TAMS 0x00000000a6400000| PB 0x00000000a6400000| Complete 
|  67|0x00000000a6500000, 0x00000000a6600000, 0x00000000a6600000|100%| E|CS|TAMS 0x00000000a6500000| PB 0x00000000a6500000| Complete 
|  68|0x00000000a6600000, 0x00000000a6700000, 0x00000000a6700000|100%| E|CS|TAMS 0x00000000a6600000| PB 0x00000000a6600000| Complete 
|  69|0x00000000a6700000, 0x00000000a6800000, 0x00000000a6800000|100%| E|CS|TAMS 0x00000000a6700000| PB 0x00000000a6700000| Complete 
|  70|0x00000000a6800000, 0x00000000a6900000, 0x00000000a6900000|100%| E|CS|TAMS 0x00000000a6800000| PB 0x00000000a6800000| Complete 
|  71|0x00000000a6900000, 0x00000000a6a00000, 0x00000000a6a00000|100%| E|CS|TAMS 0x00000000a6900000| PB 0x00000000a6900000| Complete 
|  72|0x00000000a6a00000, 0x00000000a6b00000, 0x00000000a6b00000|100%| E|  |TAMS 0x00000000a6a00000| PB 0x00000000a6a00000| Complete 
|  73|0x00000000a6b00000, 0x00000000a6c00000, 0x00000000a6c00000|100%| E|CS|TAMS 0x00000000a6b00000| PB 0x00000000a6b00000| Complete 
|  74|0x00000000a6c00000, 0x00000000a6d00000, 0x00000000a6d00000|100%| E|CS|TAMS 0x00000000a6c00000| PB 0x00000000a6c00000| Complete 
|  75|0x00000000a6d00000, 0x00000000a6e00000, 0x00000000a6e00000|100%| E|CS|TAMS 0x00000000a6d00000| PB 0x00000000a6d00000| Complete 
|  76|0x00000000a6e00000, 0x00000000a6f00000, 0x00000000a6f00000|100%| E|CS|TAMS 0x00000000a6e00000| PB 0x00000000a6e00000| Complete 
|  77|0x00000000a6f00000, 0x00000000a7000000, 0x00000000a7000000|100%| E|CS|TAMS 0x00000000a6f00000| PB 0x00000000a6f00000| Complete 
|  78|0x00000000a7000000, 0x00000000a7100000, 0x00000000a7100000|100%| E|CS|TAMS 0x00000000a7000000| PB 0x00000000a7000000| Complete 
|  79|0x00000000a7100000, 0x00000000a7200000, 0x00000000a7200000|100%| E|CS|TAMS 0x00000000a7100000| PB 0x00000000a7100000| Complete 
|  80|0x00000000a7200000, 0x00000000a7300000, 0x00000000a7300000|100%| E|CS|TAMS 0x00000000a7200000| PB 0x00000000a7200000| Complete 
|  81|0x00000000a7300000, 0x00000000a7400000, 0x00000000a7400000|100%| E|CS|TAMS 0x00000000a7300000| PB 0x00000000a7300000| Complete 
|  82|0x00000000a7400000, 0x00000000a7500000, 0x00000000a7500000|100%| E|CS|TAMS 0x00000000a7400000| PB 0x00000000a7400000| Complete 
|  83|0x00000000a7500000, 0x00000000a7600000, 0x00000000a7600000|100%| E|CS|TAMS 0x00000000a7500000| PB 0x00000000a7500000| Complete 
|  84|0x00000000a7600000, 0x00000000a7700000, 0x00000000a7700000|100%| E|CS|TAMS 0x00000000a7600000| PB 0x00000000a7600000| Complete 
|  85|0x00000000a7700000, 0x00000000a7800000, 0x00000000a7800000|100%| E|CS|TAMS 0x00000000a7700000| PB 0x00000000a7700000| Complete 
|  86|0x00000000a7800000, 0x00000000a7900000, 0x00000000a7900000|100%| E|CS|TAMS 0x00000000a7800000| PB 0x00000000a7800000| Complete 
|  87|0x00000000a7900000, 0x00000000a7a00000, 0x00000000a7a00000|100%| E|CS|TAMS 0x00000000a7900000| PB 0x00000000a7900000| Complete 
|  88|0x00000000a7a00000, 0x00000000a7b00000, 0x00000000a7b00000|100%| E|CS|TAMS 0x00000000a7a00000| PB 0x00000000a7a00000| Complete 
|  89|0x00000000a7b00000, 0x00000000a7c00000, 0x00000000a7c00000|100%| E|CS|TAMS 0x00000000a7b00000| PB 0x00000000a7b00000| Complete 
|  90|0x00000000a7c00000, 0x00000000a7d00000, 0x00000000a7d00000|100%| E|CS|TAMS 0x00000000a7c00000| PB 0x00000000a7c00000| Complete 
|  91|0x00000000a7d00000, 0x00000000a7e00000, 0x00000000a7e00000|100%| E|CS|TAMS 0x00000000a7d00000| PB 0x00000000a7d00000| Complete 
|  92|0x00000000a7e00000, 0x00000000a7f00000, 0x00000000a7f00000|100%| E|CS|TAMS 0x00000000a7e00000| PB 0x00000000a7e00000| Complete 
|  93|0x00000000a7f00000, 0x00000000a8000000, 0x00000000a8000000|100%| E|CS|TAMS 0x00000000a7f00000| PB 0x00000000a7f00000| Complete 

Card table byte_map: [0x000001ce6f630000,0x000001ce6f920000] _byte_map_base: 0x000001ce6f11f000

Marking Bits: (CMBitMap*) 0x000001ce571ee2f0
 Bits: [0x000001ce6f920000, 0x000001ce71098000)

Polling page: 0x000001ce55930000

Metaspace:

Usage:
  Non-class:     16.74 MB used.
      Class:      2.28 MB used.
       Both:     19.02 MB used.

Virtual space:
  Non-class space:       64.00 MB reserved,      16.88 MB ( 26%) committed,  1 nodes.
      Class space:        1.00 GB reserved,       2.44 MB ( <1%) committed,  1 nodes.
             Both:        1.06 GB reserved,      19.31 MB (  2%) committed. 

Chunk freelists:
   Non-Class:  15.08 MB
       Class:  13.39 MB
        Both:  28.46 MB

MaxMetaspaceSize: unlimited
CompressedClassSpaceSize: 1.00 GB
Initial GC threshold: 21.00 MB
Current GC threshold: 21.00 MB
CDS: on
 - commit_granule_bytes: 65536.
 - commit_granule_words: 8192.
 - virtual_space_node_default_size: 8388608.
 - enlarge_chunks_in_place: 1.
 - use_allocation_guard: 0.


Internal statistics:

num_allocs_failed_limit: 0.
num_arena_births: 314.
num_arena_deaths: 0.
num_vsnodes_births: 2.
num_vsnodes_deaths: 0.
num_space_committed: 309.
num_space_uncommitted: 0.
num_chunks_returned_to_freelist: 0.
num_chunks_taken_from_freelist: 977.
num_chunk_merges: 0.
num_chunk_splits: 638.
num_chunks_enlarged: 450.
num_inconsistent_stats: 0.

CodeHeap 'non-profiled nmethods': size=120000Kb used=1185Kb max_used=1185Kb free=118814Kb
 bounds [0x000001ce67190000, 0x000001ce67400000, 0x000001ce6e6c0000]
CodeHeap 'profiled nmethods': size=120000Kb used=5144Kb max_used=5144Kb free=114855Kb
 bounds [0x000001ce5f6c0000, 0x000001ce5fbd0000, 0x000001ce66bf0000]
CodeHeap 'non-nmethods': size=5760Kb used=1439Kb max_used=1470Kb free=4320Kb
 bounds [0x000001ce66bf0000, 0x000001ce66e60000, 0x000001ce67190000]
 total_blobs=3225 nmethods=2700 adapters=429
 compilation: enabled
              stopped_count=0, restarted_count=0
 full_count=0

Compilation events (20 events):
Event: 2.550 Thread 0x000001ce73d15200 nmethod 2640 0x000001ce5fba8290 code [0x000001ce5fba8440, 0x000001ce5fba8628]
Event: 2.550 Thread 0x000001ce73d15200 2642       3       java.lang.Integer::numberOfTrailingZeros (80 bytes)
Event: 2.550 Thread 0x000001ce73d15200 nmethod 2642 0x000001ce5fba8710 code [0x000001ce5fba88c0, 0x000001ce5fba8b18]
Event: 2.550 Thread 0x000001ce73d15200 2641   !   3       org.slf4j.LoggerFactory::getProvider (102 bytes)
Event: 2.550 Thread 0x000001ce73d15200 nmethod 2641 0x000001ce5fba8b90 code [0x000001ce5fba8da0, 0x000001ce5fba93f0]
Event: 2.550 Thread 0x000001ce73d15200 2643   !   3       org.springframework.boot.autoconfigure.condition.FilteringSpringBootCondition$ClassNameFilter::isPresent (19 bytes)
Event: 2.551 Thread 0x000001ce73d15200 nmethod 2643 0x000001ce5fba9610 code [0x000001ce5fba9800, 0x000001ce5fba9b48]
Event: 2.551 Thread 0x000001ce73d15200 2644       3       sun.net.www.protocol.file.Handler::openConnection (7 bytes)
Event: 2.551 Thread 0x000001ce73d15200 nmethod 2644 0x000001ce5fba9d10 code [0x000001ce5fba9ec0, 0x000001ce5fbaa020]
Event: 2.551 Thread 0x000001ce73d15200 2645       3       org.springframework.core.type.classreading.SimpleAnnotationMetadataReadingVisitor::visitAnnotation (28 bytes)
Event: 2.551 Thread 0x000001ce73d15200 nmethod 2645 0x000001ce5fbaa110 code [0x000001ce5fbaa360, 0x000001ce5fbaade8]
Event: 2.551 Thread 0x000001ce73d15200 2646       3       java.net.URL::openConnection (9 bytes)
Event: 2.552 Thread 0x000001ce73d15200 nmethod 2646 0x000001ce5fbab110 code [0x000001ce5fbab2c0, 0x000001ce5fbab4a0]
Event: 2.552 Thread 0x000001ce73d15200 2647       3       java.net.URLConnection::<init> (62 bytes)
Event: 2.552 Thread 0x000001ce73d15200 nmethod 2647 0x000001ce5fbab590 code [0x000001ce5fbab780, 0x000001ce5fbabc78]
Event: 2.552 Thread 0x000001ce73d15200 2648       3       java.net.URLConnection::getDefaultUseCaches (27 bytes)
Event: 2.552 Thread 0x000001ce73d15200 nmethod 2648 0x000001ce5fbabe10 code [0x000001ce5fbabfe0, 0x000001ce5fbac2d8]
Event: 2.553 Thread 0x000001ce73d15200 2649       3       sun.net.www.protocol.jar.JarURLConnection::getUseCaches (8 bytes)
Event: 4.566 Thread 0x000001ce73d15200 nmethod 2649 0x000001ce5fbac410 code [0x000001ce5fbac5c0, 0x000001ce5fbac798]
Event: 4.566 Thread 0x000001ce73d15200 2651       3       org.springframework.core.type.AnnotatedTypeMetadata::isAnnotated (13 bytes)

GC Heap History (4 events):
Event: 1.403 GC heap before
{Heap before GC invocations=0 (full 0):
 garbage-first heap   total 96256K, used 24576K [0x00000000a2200000, 0x0000000100000000)
  region size 1024K, 23 young (23552K), 0 survivors (0K)
 Metaspace       used 5584K, committed 5824K, reserved 1114112K
  class space    used 612K, committed 704K, reserved 1048576K
}
Event: 1.409 GC heap after
{Heap after GC invocations=1 (full 0):
 garbage-first heap   total 96256K, used 7985K [0x00000000a2200000, 0x0000000100000000)
  region size 1024K, 3 young (3072K), 3 survivors (3072K)
 Metaspace       used 5584K, committed 5824K, reserved 1114112K
  class space    used 612K, committed 704K, reserved 1048576K
}
Event: 2.040 GC heap before
{Heap before GC invocations=1 (full 0):
 garbage-first heap   total 96256K, used 36657K [0x00000000a2200000, 0x0000000100000000)
  region size 1024K, 32 young (32768K), 3 survivors (3072K)
 Metaspace       used 13364K, committed 13696K, reserved 1114112K
  class space    used 1574K, committed 1728K, reserved 1048576K
}
Event: 2.046 GC heap after
{Heap after GC invocations=2 (full 0):
 garbage-first heap   total 96256K, used 11069K [0x00000000a2200000, 0x0000000100000000)
  region size 1024K, 3 young (3072K), 3 survivors (3072K)
 Metaspace       used 13364K, committed 13696K, reserved 1114112K
  class space    used 1574K, committed 1728K, reserved 1048576K
}

Dll operation events (13 events):
Event: 0.019 Loaded shared library C:\Program Files\Java\jdk-21\bin\java.dll
Event: 0.147 Loaded shared library C:\Program Files\Java\jdk-21\bin\jsvml.dll
Event: 0.253 Loaded shared library C:\Program Files\Java\jdk-21\bin\zip.dll
Event: 0.260 Loaded shared library C:\Program Files\Java\jdk-21\bin\instrument.dll
Event: 0.269 Loaded shared library C:\Program Files\Java\jdk-21\bin\net.dll
Event: 0.272 Loaded shared library C:\Program Files\Java\jdk-21\bin\nio.dll
Event: 0.277 Loaded shared library C:\Program Files\Java\jdk-21\bin\zip.dll
Event: 0.808 Loaded shared library C:\Users\luhmg\AppData\Local\Programs\IntelliJ IDEA Community Edition\bin\breakgen64.dll
Event: 0.818 Loaded shared library C:\Program Files\Java\jdk-21\bin\extnet.dll
Event: 0.862 Loaded shared library C:\Program Files\Java\jdk-21\bin\jimage.dll
Event: 1.259 Loaded shared library C:\Program Files\Java\jdk-21\bin\management.dll
Event: 1.261 Loaded shared library C:\Program Files\Java\jdk-21\bin\management_ext.dll
Event: 2.321 Loaded shared library C:\Program Files\Java\jdk-21\bin\sunmscapi.dll

Deoptimization events (20 events):
Event: 2.453 Thread 0x000001ce78870e50 DEOPT PACKING pc=0x000001ce5f812276 sp=0x0000009f37ffe200
Event: 2.453 Thread 0x000001ce78870e50 DEOPT UNPACKING pc=0x000001ce66c44e42 sp=0x0000009f37ffd6e8 mode 0
Event: 2.453 Thread 0x000001ce78870e50 DEOPT PACKING pc=0x000001ce5f812276 sp=0x0000009f37ffe200
Event: 2.453 Thread 0x000001ce78870e50 DEOPT UNPACKING pc=0x000001ce66c44e42 sp=0x0000009f37ffd6e8 mode 0
Event: 2.453 Thread 0x000001ce78870e50 DEOPT PACKING pc=0x000001ce5f812276 sp=0x0000009f37ffe200
Event: 2.453 Thread 0x000001ce78870e50 DEOPT UNPACKING pc=0x000001ce66c44e42 sp=0x0000009f37ffd6e8 mode 0
Event: 2.453 Thread 0x000001ce78870e50 DEOPT PACKING pc=0x000001ce5f812276 sp=0x0000009f37ffe200
Event: 2.453 Thread 0x000001ce78870e50 DEOPT UNPACKING pc=0x000001ce66c44e42 sp=0x0000009f37ffd6e8 mode 0
Event: 2.454 Thread 0x000001ce78870e50 DEOPT PACKING pc=0x000001ce5f812276 sp=0x0000009f37ffe200
Event: 2.454 Thread 0x000001ce78870e50 DEOPT UNPACKING pc=0x000001ce66c44e42 sp=0x0000009f37ffd6e8 mode 0
Event: 2.454 Thread 0x000001ce78870e50 DEOPT PACKING pc=0x000001ce5f812276 sp=0x0000009f37ffe200
Event: 2.454 Thread 0x000001ce78870e50 DEOPT UNPACKING pc=0x000001ce66c44e42 sp=0x0000009f37ffd6e8 mode 0
Event: 2.454 Thread 0x000001ce78870e50 DEOPT PACKING pc=0x000001ce5f812276 sp=0x0000009f37ffe200
Event: 2.454 Thread 0x000001ce78870e50 DEOPT UNPACKING pc=0x000001ce66c44e42 sp=0x0000009f37ffd6e8 mode 0
Event: 2.454 Thread 0x000001ce78870e50 DEOPT PACKING pc=0x000001ce5f812276 sp=0x0000009f37ffe200
Event: 2.454 Thread 0x000001ce78870e50 DEOPT UNPACKING pc=0x000001ce66c44e42 sp=0x0000009f37ffd6e8 mode 0
Event: 2.537 Thread 0x000001ce78870e50 Uncommon trap: trap_request=0xffffff45 fr.pc=0x000001ce67215fe0 relative=0x0000000000000a20
Event: 2.537 Thread 0x000001ce78870e50 Uncommon trap: reason=unstable_if action=reinterpret pc=0x000001ce67215fe0 method=jdk.internal.org.objectweb.asm.SymbolTable.put(Ljdk/internal/org/objectweb/asm/SymbolTable$Entry;)Ljdk/internal/org/objectweb/asm/SymbolTable$Entry; @ 13 c2
Event: 2.537 Thread 0x000001ce78870e50 DEOPT PACKING pc=0x000001ce67215fe0 sp=0x0000009f37ffc730
Event: 2.537 Thread 0x000001ce78870e50 DEOPT UNPACKING pc=0x000001ce66c446a2 sp=0x0000009f37ffc668 mode 2

Classes loaded (20 events):
Event: 2.334 Loading class java/security/spec/ECFieldF2m
Event: 2.334 Loading class java/security/spec/ECFieldF2m done
Event: 2.337 Loading class sun/security/ssl/SunJSSE
Event: 2.337 Loading class sun/security/ssl/SunJSSE done
Event: 2.338 Loading class com/sun/crypto/provider/SunJCE
Event: 2.338 Loading class com/sun/crypto/provider/SunJCE done
Event: 2.342 Loading class com/sun/security/sasl/Provider
Event: 2.342 Loading class com/sun/security/sasl/Provider done
Event: 2.342 Loading class com/sun/security/sasl/Provider$1
Event: 2.342 Loading class com/sun/security/sasl/Provider$1 done
Event: 2.342 Loading class com/sun/security/sasl/Provider$ProviderService
Event: 2.342 Loading class com/sun/security/sasl/Provider$ProviderService done
Event: 2.342 Loading class sun/security/provider/certpath/ldap/JdkLDAP
Event: 2.343 Loading class sun/security/provider/certpath/ldap/JdkLDAP done
Event: 2.343 Loading class sun/security/provider/certpath/ldap/JdkLDAP$ProviderService
Event: 2.343 Loading class sun/security/provider/certpath/ldap/JdkLDAP$ProviderService done
Event: 2.379 Loading class javax/naming/ldap/LdapContext
Event: 2.379 Loading class javax/naming/directory/DirContext
Event: 2.380 Loading class javax/naming/directory/DirContext done
Event: 2.380 Loading class javax/naming/ldap/LdapContext done

Classes unloaded (0 events):
No events

Classes redefined (0 events):
No events

Internal exceptions (20 events):
Event: 1.679 Thread 0x000001ce78870e50 Exception <a 'java/lang/NoSuchMethodError'{0x00000000a77ec310}: 'java.lang.Object java.lang.invoke.Invokers$Holder.linkToTargetMethod(java.lang.Object, java.lang.Object, int, java.lang.Object, java.lang.Object)'> (0x00000000a77ec310) 
thrown [s\open\src\hotspot\share\interpreter\linkResolver.cpp, line 773]
Event: 1.680 Thread 0x000001ce78870e50 Exception <a 'java/lang/NoSuchMethodError'{0x00000000a77f9f90}: 'java.lang.Object java.lang.invoke.DirectMethodHandle$Holder.newInvokeSpecial(java.lang.Object, int, java.lang.Object)'> (0x00000000a77f9f90) 
thrown [s\open\src\hotspot\share\interpreter\linkResolver.cpp, line 773]
Event: 1.681 Thread 0x000001ce78870e50 Exception <a 'java/lang/NoSuchMethodError'{0x00000000a77fe950}: 'int java.lang.invoke.DirectMethodHandle$Holder.invokeSpecialIFC(java.lang.Object, java.lang.Object, java.lang.Object, java.lang.Object)'> (0x00000000a77fe950) 
thrown [s\open\src\hotspot\share\interpreter\linkResolver.cpp, line 773]
Event: 1.700 Thread 0x000001ce78870e50 Exception <a 'java/lang/NoSuchMethodError'{0x00000000a76e3dc0}: 'void java.lang.invoke.DirectMethodHandle$Holder.invokeInterface(java.lang.Object, java.lang.Object, java.lang.Object)'> (0x00000000a76e3dc0) 
thrown [s\open\src\hotspot\share\interpreter\linkResolver.cpp, line 773]
Event: 1.718 Thread 0x000001ce78870e50 Exception <a 'java/lang/NoSuchMethodError'{0x00000000a7579198}: 'java.lang.Object java.lang.invoke.DirectMethodHandle$Holder.invokeVirtual(java.lang.Object, java.lang.Object, java.lang.Object)'> (0x00000000a7579198) 
thrown [s\open\src\hotspot\share\interpreter\linkResolver.cpp, line 773]
Event: 1.748 Thread 0x000001ce78870e50 Exception <a 'java/lang/NoSuchMethodError'{0x00000000a745c3b8}: 'void java.lang.invoke.DirectMethodHandle$Holder.invokeStaticInit(java.lang.Object, java.lang.Object, java.lang.Object)'> (0x00000000a745c3b8) 
thrown [s\open\src\hotspot\share\interpreter\linkResolver.cpp, line 773]
Event: 1.768 Thread 0x000001ce78870e50 Exception <a 'java/lang/NoSuchMethodError'{0x00000000a7307220}: 'void java.lang.invoke.DirectMethodHandle$Holder.invokeVirtual(java.lang.Object, java.lang.Object, java.lang.Object, java.lang.Object)'> (0x00000000a7307220) 
thrown [s\open\src\hotspot\share\interpreter\linkResolver.cpp, line 773]
Event: 1.833 Thread 0x000001ce78870e50 Exception <a 'java/lang/NoSuchMethodError'{0x00000000a72d8d20}: 'java.lang.reflect.Field[] java.lang.Class.getDeclaredFields(java.lang.Class)'> (0x00000000a72d8d20) 
thrown [s\open\src\hotspot\share\interpreter\linkResolver.cpp, line 773]
Event: 1.835 Thread 0x000001ce78870e50 Exception <a 'java/lang/NoSuchMethodError'{0x00000000a72dd680}: 'java.lang.Object java.lang.invoke.DirectMethodHandle$Holder.invokeStatic(java.lang.Object, java.lang.Object, int)'> (0x00000000a72dd680) 
thrown [s\open\src\hotspot\share\interpreter\linkResolver.cpp, line 773]
Event: 1.836 Thread 0x000001ce78870e50 Exception <a 'java/lang/NoSuchMethodError'{0x00000000a7122640}: 'void java.lang.invoke.DelegatingMethodHandle$Holder.delegate(java.lang.Object, java.lang.Object, int, java.lang.Object)'> (0x00000000a7122640) 
thrown [s\open\src\hotspot\share\interpreter\linkResolver.cpp, line 773]
Event: 1.854 Thread 0x000001ce78870e50 Exception <a 'java/lang/IncompatibleClassChangeError'{0x00000000a70f2c58}: Found class java.lang.Object, but interface was expected> (0x00000000a70f2c58) 
thrown [s\open\src\hotspot\share\interpreter\linkResolver.cpp, line 840]
Event: 2.146 Thread 0x000001ce78870e50 Exception <a 'java/lang/NoSuchMethodError'{0x00000000a7964488}: 'int java.lang.invoke.DirectMethodHandle$Holder.invokeSpecial(java.lang.Object, java.lang.Object, java.lang.Object, java.lang.Object, java.lang.Object)'> (0x00000000a7964488) 
thrown [s\open\src\hotspot\share\interpreter\linkResolver.cpp, line 773]
Event: 2.148 Thread 0x000001ce78870e50 Exception <a 'java/lang/NoSuchMethodError'{0x00000000a796c928}: 'void java.lang.invoke.DirectMethodHandle$Holder.invokeVirtual(java.lang.Object, java.lang.Object)'> (0x00000000a796c928) 
thrown [s\open\src\hotspot\share\interpreter\linkResolver.cpp, line 773]
Event: 2.221 Thread 0x000001ce78f47e20 Exception <a 'java/lang/NoSuchMethodError'{0x00000000a726e300}: 'long java.lang.invoke.DirectMethodHandle$Holder.invokeSpecial(java.lang.Object, java.lang.Object)'> (0x00000000a726e300) 
thrown [s\open\src\hotspot\share\interpreter\linkResolver.cpp, line 773]
Event: 2.223 Thread 0x000001ce78f47e20 Exception <a 'java/lang/NoSuchMethodError'{0x00000000a72d30e8}: 'long java.lang.invoke.DirectMethodHandle$Holder.invokeStatic(java.lang.Object, java.lang.Object)'> (0x00000000a72d30e8) 
thrown [s\open\src\hotspot\share\interpreter\linkResolver.cpp, line 773]
Event: 2.223 Thread 0x000001ce78f47e20 Exception <a 'java/lang/NoSuchMethodError'{0x00000000a72d61b0}: 'long java.lang.invoke.DirectMethodHandle$Holder.invokeStaticInit(java.lang.Object, java.lang.Object)'> (0x00000000a72d61b0) 
thrown [s\open\src\hotspot\share\interpreter\linkResolver.cpp, line 773]
Event: 2.225 Thread 0x000001ce78f47e20 Exception <a 'java/lang/NoSuchMethodError'{0x00000000a72e2098}: 'long java.lang.invoke.DirectMethodHandle$Holder.invokeInterface(java.lang.Object, java.lang.Object)'> (0x00000000a72e2098) 
thrown [s\open\src\hotspot\share\interpreter\linkResolver.cpp, line 773]
Event: 2.225 Thread 0x000001ce78f47e20 Exception <a 'java/lang/IncompatibleClassChangeError'{0x00000000a72e50a8}: Found class java.lang.Object, but interface was expected> (0x00000000a72e50a8) 
thrown [s\open\src\hotspot\share\interpreter\linkResolver.cpp, line 840]
Event: 2.228 Thread 0x000001ce78f47e20 Exception <a 'java/lang/NoSuchMethodError'{0x00000000a72fdc68}: 'java.lang.Object java.lang.invoke.DirectMethodHandle$Holder.invokeVirtual(java.lang.Object, java.lang.Object, java.lang.Object, java.lang.Object)'> (0x00000000a72fdc68) 
thrown [s\open\src\hotspot\share\interpreter\linkResolver.cpp, line 773]
Event: 2.451 Thread 0x000001ce78870e50 Exception <a 'java/lang/IncompatibleClassChangeError'{0x00000000a6675870}: Found class java.lang.Object, but interface was expected> (0x00000000a6675870) 
thrown [s\open\src\hotspot\share\interpreter\linkResolver.cpp, line 840]

ZGC Phase Switch (0 events):
No events

VM Operations (20 events):
Event: 1.857 Executing VM operation: ICBufferFull
Event: 1.857 Executing VM operation: ICBufferFull done
Event: 2.007 Executing VM operation: HandshakeAllThreads (Deoptimize)
Event: 2.018 Executing VM operation: HandshakeAllThreads (Deoptimize) done
Event: 2.040 Executing VM operation: G1CollectForAllocation (G1 Evacuation Pause)
Event: 2.040 Executing VM operation: G1CollectForAllocation (G1 Evacuation Pause) done
Event: 2.040 Executing VM operation: G1CollectForAllocation (GCLocker Initiated GC)
Event: 2.046 Executing VM operation: G1CollectForAllocation (GCLocker Initiated GC) done
Event: 2.126 Executing VM operation: HandshakeAllThreads (Deoptimize)
Event: 2.126 Executing VM operation: HandshakeAllThreads (Deoptimize) done
Event: 2.296 Executing VM operation: HandshakeAllThreads (Deoptimize)
Event: 2.296 Executing VM operation: HandshakeAllThreads (Deoptimize) done
Event: 2.331 Executing VM operation: HandshakeAllThreads (Deoptimize)
Event: 2.331 Executing VM operation: HandshakeAllThreads (Deoptimize) done
Event: 2.456 Executing VM operation: HandshakeAllThreads (Deoptimize)
Event: 2.456 Executing VM operation: HandshakeAllThreads (Deoptimize) done
Event: 2.506 Executing VM operation: ICBufferFull
Event: 2.506 Executing VM operation: ICBufferFull done
Event: 3.512 Executing VM operation: Cleanup
Event: 3.512 Executing VM operation: Cleanup done

Events (19 events):
Event: 0.127 Thread 0x000001ce571a6c50 Thread added: 0x000001ce571a6c50
Event: 0.145 Thread 0x000001ce73cfce50 Thread added: 0x000001ce73cfce50
Event: 0.145 Thread 0x000001ce73cfd6b0 Thread added: 0x000001ce73cfd6b0
Event: 0.145 Thread 0x000001ce73d01ea0 Thread added: 0x000001ce73d01ea0
Event: 0.145 Thread 0x000001ce73d03d80 Thread added: 0x000001ce73d03d80
Event: 0.145 Thread 0x000001ce73d0b300 Thread added: 0x000001ce73d0b300
Event: 0.145 Thread 0x000001ce73d0fd90 Thread added: 0x000001ce73d0fd90
Event: 0.145 Thread 0x000001ce73d10ec0 Thread added: 0x000001ce73d10ec0
Event: 0.146 Thread 0x000001ce73d15200 Thread added: 0x000001ce73d15200
Event: 0.229 Thread 0x000001ce73cd2800 Thread added: 0x000001ce73cd2800
Event: 0.641 Thread 0x000001ce78215da0 Thread added: 0x000001ce78215da0
Event: 0.809 Thread 0x000001ce783f66f0 Thread added: 0x000001ce783f66f0
Event: 0.809 Thread 0x000001ce782bfc90 Thread added: 0x000001ce782bfc90
Event: 1.317 Thread 0x000001ce78772130 Thread added: 0x000001ce78772130
Event: 1.319 Thread 0x000001ce78870e50 Thread added: 0x000001ce78870e50
Event: 1.829 Thread 0x000001ce78f47e20 Thread added: 0x000001ce78f47e20
Event: 2.337 Thread 0x000001ce7945d120 Thread added: 0x000001ce7945d120
Event: 2.345 Thread 0x000001ce78f47e20 Thread exited: 0x000001ce78f47e20
Event: 2.437 Thread 0x000001ce7945d120 Thread exited: 0x000001ce7945d120


Dynamic libraries:
0x00007ff6dbe20000 - 0x00007ff6dbe30000 	C:\Program Files\Java\jdk-21\bin\java.exe
0x00007ffa8fbe0000 - 0x00007ffa8fe43000 	C:\WINDOWS\SYSTEM32\ntdll.dll
0x00007ffa8f130000 - 0x00007ffa8f1f7000 	C:\WINDOWS\System32\KERNEL32.DLL
0x00007ffa8d490000 - 0x00007ffa8d840000 	C:\WINDOWS\System32\KERNELBASE.dll
0x00007ffa8d1e0000 - 0x00007ffa8d32b000 	C:\WINDOWS\System32\ucrtbase.dll
0x00007ffa711d0000 - 0x00007ffa711e9000 	C:\Program Files\Java\jdk-21\bin\jli.dll
0x00007ffa735b0000 - 0x00007ffa735cb000 	C:\Program Files\Java\jdk-21\bin\VCRUNTIME140.dll
0x00007ffa8f450000 - 0x00007ffa8f504000 	C:\WINDOWS\System32\ADVAPI32.dll
0x00007ffa8faf0000 - 0x00007ffa8fb99000 	C:\WINDOWS\System32\msvcrt.dll
0x00007ffa8da70000 - 0x00007ffa8db16000 	C:\WINDOWS\System32\sechost.dll
0x00007ffa8e7f0000 - 0x00007ffa8e906000 	C:\WINDOWS\System32\RPCRT4.dll
0x00007ffa8df90000 - 0x00007ffa8e153000 	C:\WINDOWS\System32\USER32.dll
0x00007ffa8d850000 - 0x00007ffa8d877000 	C:\WINDOWS\System32\win32u.dll
0x00007ffa70ab0000 - 0x00007ffa70d40000 	C:\WINDOWS\WinSxS\amd64_microsoft.windows.common-controls_6595b64144ccf1df_6.0.26100.1882_none_3e0e949ae32eca40\COMCTL32.dll
0x00007ffa8dbe0000 - 0x00007ffa8dc0a000 	C:\WINDOWS\System32\GDI32.dll
0x00007ffa8d880000 - 0x00007ffa8d9a3000 	C:\WINDOWS\System32\gdi32full.dll
0x00007ffa8d9b0000 - 0x00007ffa8da53000 	C:\WINDOWS\System32\msvcp_win.dll
0x00007ffa83a80000 - 0x00007ffa83a8b000 	C:\WINDOWS\SYSTEM32\VERSION.dll
0x00007ffa8f510000 - 0x00007ffa8f53f000 	C:\WINDOWS\System32\IMM32.DLL
0x00007ffa7b710000 - 0x00007ffa7b71c000 	C:\Program Files\Java\jdk-21\bin\vcruntime140_1.dll
0x00007ffa39780000 - 0x00007ffa3980e000 	C:\Program Files\Java\jdk-21\bin\msvcp140.dll
0x00007ff9fef70000 - 0x00007ff9ffc88000 	C:\Program Files\Java\jdk-21\bin\server\jvm.dll
0x00007ffa8fa10000 - 0x00007ffa8fa84000 	C:\WINDOWS\System32\WS2_32.dll
0x00007ffa8ce80000 - 0x00007ffa8cece000 	C:\WINDOWS\SYSTEM32\POWRPROF.dll
0x00007ffa81e90000 - 0x00007ffa81ec6000 	C:\WINDOWS\SYSTEM32\WINMM.dll
0x00007ffa8ce60000 - 0x00007ffa8ce74000 	C:\WINDOWS\SYSTEM32\UMPDC.dll
0x00007ffa8bde0000 - 0x00007ffa8bdfa000 	C:\WINDOWS\SYSTEM32\kernel.appcore.dll
0x00007ffa7b680000 - 0x00007ffa7b68a000 	C:\Program Files\Java\jdk-21\bin\jimage.dll
0x00007ffa829a0000 - 0x00007ffa82be1000 	C:\WINDOWS\SYSTEM32\DBGHELP.DLL
0x00007ffa8dc10000 - 0x00007ffa8df8c000 	C:\WINDOWS\System32\combase.dll
0x00007ffa8f200000 - 0x00007ffa8f2d6000 	C:\WINDOWS\System32\OLEAUT32.dll
0x00007ffa79270000 - 0x00007ffa792a9000 	C:\WINDOWS\SYSTEM32\dbgcore.DLL
0x00007ffa8d3f0000 - 0x00007ffa8d489000 	C:\WINDOWS\System32\bcryptPrimitives.dll
0x00007ffa6d6b0000 - 0x00007ffa6d6bf000 	C:\Program Files\Java\jdk-21\bin\instrument.dll
0x00007ffa710e0000 - 0x00007ffa710ff000 	C:\Program Files\Java\jdk-21\bin\java.dll
0x00007ffa8e920000 - 0x00007ffa8f018000 	C:\WINDOWS\System32\SHELL32.dll
0x00007ffa8ad70000 - 0x00007ffa8b59a000 	C:\WINDOWS\SYSTEM32\windows.storage.dll
0x00007ffa8f370000 - 0x00007ffa8f443000 	C:\WINDOWS\System32\SHCORE.dll
0x00007ffa8fa90000 - 0x00007ffa8faed000 	C:\WINDOWS\System32\shlwapi.dll
0x00007ffa8cf00000 - 0x00007ffa8cf29000 	C:\WINDOWS\SYSTEM32\profapi.dll
0x00007ffa37d20000 - 0x00007ffa37df7000 	C:\Program Files\Java\jdk-21\bin\jsvml.dll
0x00007ffa6c4c0000 - 0x00007ffa6c4d8000 	C:\Program Files\Java\jdk-21\bin\zip.dll
0x00007ffa78dc0000 - 0x00007ffa78dd0000 	C:\Program Files\Java\jdk-21\bin\net.dll
0x00007ffa857b0000 - 0x00007ffa858d6000 	C:\WINDOWS\SYSTEM32\WINHTTP.dll
0x00007ffa8c340000 - 0x00007ffa8c3a8000 	C:\WINDOWS\system32\mswsock.dll
0x00007ffa6e5d0000 - 0x00007ffa6e5e6000 	C:\Program Files\Java\jdk-21\bin\nio.dll
0x00007ffa6a560000 - 0x00007ffa6a57a000 	C:\Users\luhmg\AppData\Local\Programs\IntelliJ IDEA Community Edition\bin\breakgen64.dll
0x00007ffa74c10000 - 0x00007ffa74c19000 	C:\Program Files\Java\jdk-21\bin\extnet.dll
0x00007ffa74bf0000 - 0x00007ffa74bfa000 	C:\Program Files\Java\jdk-21\bin\management.dll
0x00007ffa71140000 - 0x00007ffa7114b000 	C:\Program Files\Java\jdk-21\bin\management_ext.dll
0x00007ffa8da60000 - 0x00007ffa8da68000 	C:\WINDOWS\System32\PSAPI.DLL
0x00007ffa7b630000 - 0x00007ffa7b63e000 	C:\Program Files\Java\jdk-21\bin\sunmscapi.dll
0x00007ffa8d060000 - 0x00007ffa8d1d6000 	C:\WINDOWS\System32\CRYPT32.dll
0x00007ffa8c7e0000 - 0x00007ffa8c810000 	C:\WINDOWS\SYSTEM32\ncrypt.dll
0x00007ffa8c790000 - 0x00007ffa8c7cf000 	C:\WINDOWS\SYSTEM32\NTASN1.dll

dbghelp: loaded successfully - version: 4.0.5 - missing functions: none
symbol engine: initialized successfully - sym options: 0x614 - pdb path: .;C:\Program Files\Java\jdk-21\bin;C:\WINDOWS\SYSTEM32;C:\WINDOWS\WinSxS\amd64_microsoft.windows.common-controls_6595b64144ccf1df_6.0.26100.1882_none_3e0e949ae32eca40;C:\Program Files\Java\jdk-21\bin\server;C:\Users\luhmg\AppData\Local\Programs\IntelliJ IDEA Community Edition\bin

VM Arguments:
jvm_args: -javaagent:C:\Users\luhmg\AppData\Local\Programs\IntelliJ IDEA Community Edition\lib\idea_rt.jar=54544:C:\Users\luhmg\AppData\Local\Programs\IntelliJ IDEA Community Edition\bin -Dfile.encoding=UTF-8 -Dsun.stdout.encoding=UTF-8 -Dsun.stderr.encoding=UTF-8 
java_command: com.luizgasparetto.universitysystem.UniversitySystemApplication
java_class_path (initial): C:\Users\luhmg\Desktop\University System\University-System\target\classes;C:\Users\luhmg\.m2\repository\org\springframework\boot\spring-boot-starter-data-jpa\3.4.1\spring-boot-starter-data-jpa-3.4.1.jar;C:\Users\luhmg\.m2\repository\org\springframework\boot\spring-boot-starter\3.4.1\spring-boot-starter-3.4.1.jar;C:\Users\luhmg\.m2\repository\org\springframework\boot\spring-boot-starter-logging\3.4.1\spring-boot-starter-logging-3.4.1.jar;C:\Users\luhmg\.m2\repository\ch\qos\logback\logback-classic\1.5.12\logback-classic-1.5.12.jar;C:\Users\luhmg\.m2\repository\ch\qos\logback\logback-core\1.5.12\logback-core-1.5.12.jar;C:\Users\luhmg\.m2\repository\org\apache\logging\log4j\log4j-to-slf4j\2.24.3\log4j-to-slf4j-2.24.3.jar;C:\Users\luhmg\.m2\repository\org\apache\logging\log4j\log4j-api\2.24.3\log4j-api-2.24.3.jar;C:\Users\luhmg\.m2\repository\org\slf4j\jul-to-slf4j\2.0.16\jul-to-slf4j-2.0.16.jar;C:\Users\luhmg\.m2\repository\jakarta\annotation\jakarta.annotation-api\2.1.1\jakarta.annotation-api-2.1.1.jar;C:\Users\luhmg\.m2\repository\org\yaml\snakeyaml\2.3\snakeyaml-2.3.jar;C:\Users\luhmg\.m2\repository\org\springframework\boot\spring-boot-starter-jdbc\3.4.1\spring-boot-starter-jdbc-3.4.1.jar;C:\Users\luhmg\.m2\repository\com\zaxxer\HikariCP\5.1.0\HikariCP-5.1.0.jar;C:\Users\luhmg\.m2\repository\org\springframework\spring-jdbc\6.2.1\spring-jdbc-6.2.1.jar;C:\Users\luhmg\.m2\repository\org\hibernate\orm\hibernate-core\6.6.4.Final\hibernate-core-6.6.4.Final.jar;C:\Users\luhmg\.m2\repository\jakarta\persistence\jakarta.persistence-api\3.1.0\jakarta.persistence-api-3.1.0.jar;C:\Users\luhmg\.m2\repository\jakarta\transaction\jakarta.transaction-api\2.0.1\jakarta.transaction-api-2.0.1.jar;C:\Users\luhmg\.m2\repository\org\jboss\logging\jboss-logging\3.6.1.Final\jboss-logging-3.6.1.Final.jar;C:\Users\luhmg\.m2\repository\org\hibernate\common\hibernate-commons-annotations\7.0.3.Final\hibernate-commons-annotations-7.0.3.Final.jar;C:\Users\luhmg\.m2\repository\io\smallrye\jandex\3.2.0\jandex-3.2.0.jar;C:\Users\luhmg\.m2\repository\com\fasterxml\classmate\1.7.0\classmate-1.7.0.jar;C:\Users\luhmg\.m2\repository\net\bytebuddy\byte-buddy\1.15.11\byte-buddy-1.15.11.jar;C:\Users\luhmg\.m2\repository\org\glassfish\jaxb\jaxb-runtime\4.0.5\jaxb-runtime-4.0.5.jar;C:\Users\luhmg\.m2\repository\org\glassfish\jaxb\jaxb-core\4.0.5\jaxb-core-4.0.5.jar;C:\Users\luhmg\.m2\repository\org\eclipse\angus\angus-activation\2.0.2\angus-activation-2.0.2.jar;C:\Users\luhmg\.m2\repository\org\glassfish\jaxb\txw2\4.0.5\txw2-4.0.5.jar;C:\Users\luhmg\.m2\repository\com\sun\istack\istack-commons-runtime\4.1.2\istack-commons-runtime-4.1.2.jar;C:\Users\luhmg\.m2\repository\jakarta\inject\jakarta.inject-api\2.0.1\jakarta.inject-api-2.0.1.jar;C:\Users\luhmg\.m2\repository\org\antlr\antlr4-runtime\4.13.0\antlr4-runtime-4.13.0.jar;C:\Users\luhmg\.m2\repository\org\springframework\data\spring-data-jpa\3.4.1\spring-data-jpa-3.4.1.jar;C:\Users\luhmg\.m2\repository\org\springframework\data\spring-data-commons\3.4.1\spring-data-commons-3.4.1.jar;C:\Users\luhmg\.m2\repository\org\springframework\spring-orm\6.2.1\spring-orm-6.2.1.jar;C:\Users\luhmg\.m2\repository\org\springframework\spring-context\6.2.1\spring-context-6.2.1.jar;C:\Users\luhmg\.m2\repository\org\springframework\spring-tx\6.2.1\spring-tx-6.2.1.jar;C:\Users\luhmg\.m2\repository\org\springframework\spring-beans\6.2.1\spring-beans-6.2.1.jar;C:\Users\luhmg\.m2\repository\org\slf4j\slf4j-api\2.0.16\slf4j-api-2.0.16.jar;C:\Users\luhmg\.m2\repository\org\springframework\spring-aspects\6.2.1\spring-aspects-6.2.1.jar;C:\Users\luhmg\.m2\repository\org\aspectj\aspectjweaver\1.9.22.1\aspectjweaver-1.9.22.1.jar;C:\Users\luhmg\.m2\repository\org\springframework\boot\spring-boot-starter-security\3.4.1\spring-boot-starter-security-3.4.1.jar;C:\Users\luhmg\.m2\repository\org\springframework\spring-aop\6.2.1\spring-aop-6.2.1.jar;C:\Users\luhmg\.m2\repository\org\springframework\security\spring-security-config\6.4.2\spring-security-config-6.4.2.jar;C:\Users\luhmg\.m2\repository\org\springframework\security\spring-security-web\6.4.2\spring-security-web-6.4.2.jar;C:\Users\luhmg\.m2\repository\org\springframework\spring-expression\6.2.1\spring-expression-6.2.1.jar;C:\Users\luhmg\.m2\repository\org\springframework\boot\spring-boot-starter-web\3.4.1\spring-boot-starter-web-3.4.1.jar;C:\Users\luhmg\.m2\repository\org\springframework\boot\spring-boot-starter-json\3.4.1\spring-boot-starter-json-3.4.1.jar;C:\Users\luhmg\.m2\repository\com\fasterxml\jackson\datatype\jackson-datatype-jdk8\2.18.2\jackson-datatype-jdk8-2.18.2.jar;C:\Users\luhmg\.m2\repository\com\fasterxml\jackson\module\jackson-module-parameter-names\2.18.2\jackson-module-parameter-names-2.18.2.jar;C:\Users\luhmg\.m2\repository\org\springframework\boot\spring-boot-starter-tomcat\3.4.1\spring-boot-starter-tomcat-3.4.1.jar;C:\Users\luhmg\.m2\repository\org\apache\tomcat\embed\tomcat-embed-core\10.1.34\tomcat-embed-core-10.1.34.jar;C:\Users\luhmg\.m2\repository\org\apache\tomcat\embed\tomcat-embed-el\10.1.34\tomcat-embed-el-10.1.34.jar;C:\Users\luhmg\.m2\repository\org\apache\tomcat\embed\tomcat-embed-websocket\10.1.34\tomcat-embed-websocket-10.1.34.jar;C:\Users\luhmg\.m2\repository\org\springframework\spring-web\6.2.1\spring-web-6.2.1.jar;C:\Users\luhmg\.m2\repository\io\micrometer\micrometer-observation\1.14.2\micrometer-observation-1.14.2.jar;C:\Users\luhmg\.m2\repository\io\micrometer\micrometer-commons\1.14.2\micrometer-commons-1.14.2.jar;C:\Users\luhmg\.m2\repository\org\springframework\spring-webmvc\6.2.1\spring-webmvc-6.2.1.jar;C:\Users\luhmg\.m2\repository\org\springframework\boot\spring-boot-devtools\3.4.1\spring-boot-devtools-3.4.1.jar;C:\Users\luhmg\.m2\repository\org\springframework\boot\spring-boot\3.4.1\spring-boot-3.4.1.jar;C:\Users\luhmg\.m2\repository\org\springframework\boot\spring-boot-autoconfigure\3.4.1\spring-boot-autoconfigure-3.4.1.jar;C:\Users\luhmg\.m2\repository\org\projectlombok\lombok\1.18.36\lombok-1.18.36.jar;C:\Users\luhmg\.m2\repository\jakarta\xml\bind\jakarta.xml.bind-api\4.0.2\jakarta.xml.bind-api-4.0.2.jar;C:\Users\luhmg\.m2\repository\jakarta\activation\jakarta.activation-api\2.1.3\jakarta.activation-api-2.1.3.jar;C:\Users\luhmg\.m2\repository\org\springframework\spring-core\6.2.1\spring-core-6.2.1.jar;C:\Users\luhmg\.m2\repository\org\springframework\spring-jcl\6.2.1\spring-jcl-6.2.1.jar;C:\Users\luhmg\.m2\repository\org\springframework\security\spring-security-core\6.4.2\spring-security-core-6.4.2.jar;C:\Users\luhmg\.m2\repository\org\springframework\security\spring-security-crypto\6.4.2\spring-security-crypto-6.4.2.jar;C:\Users\luhmg\.m2\repository\com\h2database\h2\2.3.232\h2-2.3.232.jar;C:\Users\luhmg\.m2\repository\com\auth0\java-jwt\4.4.0\java-jwt-4.4.0.jar;C:\Users\luhmg\.m2\repository\com\fasterxml\jackson\core\jackson-databind\2.18.2\jackson-databind-2.18.2.jar;C:\Users\luhmg\.m2\repository\com\fasterxml\jackson\core\jackson-annotations\2.18.2\jackson-annotations-2.18.2.jar;C:\Users\luhmg\.m2\repository\com\fasterxml\jackson\core\jackson-core\2.18.2\jackson-core-2.18.2.jar;C:\Users\luhmg\.m2\repository\org\flywaydb\flyway-core\11.0.1\flyway-core-11.0.1.jar;C:\Users\luhmg\.m2\repository\com\fasterxml\jackson\dataformat\jackson-dataformat-toml\2.18.2\jackson-dataformat-toml-2.18.2.jar;C:\Users\luhmg\.m2\repository\com\fasterxml\jackson\datatype\jackson-datatype-jsr310\2.18.2\jackson-datatype-jsr310-2.18.2.jar;C:\Users\luhmg\.m2\repository\org\postgresql\postgresql\42.7.4\postgresql-42.7.4.jar;C:\Users\luhmg\.m2\repository\org\checkerframework\checker-qual\3.42.0\checker-qual-3.42.0.jar;C:\Users\luhmg\.m2\repository\org\springdoc\springdoc-openapi-starter-webmvc-ui\2.3.0\springdoc-openapi-starter-webmvc-ui-2.3.0.jar;C:\Users\luhmg\.m2\repository\org\springdoc\springdoc-openapi-starter-webmvc-api\2.3.0\springdoc-openapi-starter-webmvc-api-2.3.0.jar;C:\Users\luhmg\.m2\repository\org\springdoc\springdoc-openapi-starter-common\2.3.0\springdoc-openapi-starter-common-2.3.0.jar;C:\Users\luhmg\.m2\repository\io\swagger\core\v3\swagger-core-jakarta\2.2.19\swagger-core-jakarta-2.2.19.jar;C:\Users\luhmg\.m2\repository\org\apache\commons\commons-lang3\3.17.0\commons-lang3-3.17.0.jar;C:\Users\luhmg\.m2\repository\io\swagger\core\v3\swagger-annotations-jakarta\2.2.19\swagger-annotations-jakarta-2.2.19.jar;C:\Users\luhmg\.m2\repository\io\swagger\core\v3\swagger-models-jakarta\2.2.19\swagger-models-jakarta-2.2.19.jar;C:\Users\luhmg\.m2\repository\jakarta\validation\jakarta.validation-api\3.0.2\jakarta.validation-api-3.0.2.jar;C:\Users\luhmg\.m2\repository\com\fasterxml\jackson\dataformat\jackson-dataformat-yaml\2.18.2\jackson-dataformat-yaml-2.18.2.jar;C:\Users\luhmg\.m2\repository\org\webjars\swagger-ui\5.10.3\swagger-ui-5.10.3.jar
Launcher Type: SUN_STANDARD

[Global flags]
     intx CICompilerCount                          = 4                                         {product} {ergonomic}
     uint ConcGCThreads                            = 3                                         {product} {ergonomic}
     uint G1ConcRefinementThreads                  = 10                                        {product} {ergonomic}
   size_t G1HeapRegionSize                         = 1048576                                   {product} {ergonomic}
    uintx GCDrainStackTargetSize                   = 64                                        {product} {ergonomic}
   size_t InitialHeapSize                          = 98566144                                  {product} {ergonomic}
   size_t MarkStackSize                            = 4194304                                   {product} {ergonomic}
   size_t MaxHeapSize                              = 1574961152                                {product} {ergonomic}
   size_t MaxNewSize                               = 944766976                                 {product} {ergonomic}
   size_t MinHeapDeltaBytes                        = 1048576                                   {product} {ergonomic}
   size_t MinHeapSize                              = 8388608                                   {product} {ergonomic}
    uintx NonNMethodCodeHeapSize                   = 5839372                                {pd product} {ergonomic}
    uintx NonProfiledCodeHeapSize                  = 122909434                              {pd product} {ergonomic}
    uintx ProfiledCodeHeapSize                     = 122909434                              {pd product} {ergonomic}
    uintx ReservedCodeCacheSize                    = 251658240                              {pd product} {ergonomic}
     bool SegmentedCodeCache                       = true                                      {product} {ergonomic}
   size_t SoftMaxHeapSize                          = 1574961152                             {manageable} {ergonomic}
     bool UseCompressedOops                        = true                           {product lp64_product} {ergonomic}
     bool UseG1GC                                  = true                                      {product} {ergonomic}
     bool UseLargePagesIndividualAllocation        = false                                  {pd product} {ergonomic}

Logging:
Log output configuration:
 #0: stdout all=warning uptime,level,tags foldmultilines=false
 #1: stderr all=off uptime,level,tags foldmultilines=false

Environment Variables:
JAVA_HOME=C:\Program Files\Java\jdk-21
PATH=C:\Users\luhmg\Desktop\dartsdk-windows-x64-release\dart-sdk\bin;C:\WINDOWS\system32;C:\WINDOWS;C:\WINDOWS\System32\Wbem;C:\WINDOWS\System32\WindowsPowerShell\v1.0\;C:\WINDOWS\System32\OpenSSH\;node_modules\npm\bin;C:\Program Files\Java\jdk-17\bin;C:\Program Files\Git\cmd;C:\Program Files\Terraform;C:\Program Files\Amazon\AWSCLIV2\;C:\Program Files\PostgreSQL\17\bin;C:\ProgramData\chocolatey\bin;C:\Program Files\dotnet\;C:\Users\luhmg\Desktop\cmder\bin;C:\Program Files\Docker\Docker\resources\bin;C:\Users\luhmg\AppData\Local\Android\Sdk\platform-tools;C:\Users\luhmg\AppData\Roaming\nvm;C:\Program Files\nodejs;C:\Program Files\nodejs\node_modules\npm\bin;C:\Users\luhmg\Desktop\flipper-server\package\lib;C:\Program Files (x86)\PowerShell\7\;C:\Program Files\Java\jdk-21\bin;C:\Users\luhmg\AppData\Local\Programs\Python\Python313\Lib;C:\Program Files\Java\jdk-21\bin;C:\Users\luhmg\Desktop\flutter\bin;C:\Program Files\GrafanaLabs\grafana\bin;C:\Users\luhmg\Desktop\nginx-1.27.3\nginx-1.27.3;C:\Users\luhmg;C:\Program Files\obs-studio\bin;C:\Users\luhmg;C:\Users\luhmg\Downloads\commandlinetools-win-11076708_latest\cmdline-tools\bin;C:\Users\luhmg\AppData\Local\Android\Sdk\cmdline-tools\latest\bin;C:\Users\luhmg\AppData\Local\Android\Sdk\platform-tools;C:\flutter\bin;C:\Users\luhmg\Desktop\elasticsearch-8.17.0\bin;C:\Users\luhmg\Desktop\nginx-1.24.0\nginx-1.24.0\conf;C:\Users\luhmg\Desktop\nginx-1.24.0;C:\Users\luhmg\Desktop\nginx-1.24.0\nginx-1.24.0;C:\Users\luhmg;C:\apache-maven-3.9.9\bin;C:\Users\luhmg\AppData\Local\Programs\Python\Python313\Scripts\;C:\Users\luhmg\AppData\Local\Programs\Python\Python313\;C:\Users\luhmg\AppData\Local\Programs\Python\Launcher\;C:\Program Files\MySQL\MySQL Shell 8.0\bin\;C:\Users\luhmg\AppData\Local\Microsoft\WindowsApps;C:\Users\luhmg\AppData\Roaming\npm;C:\Users\luhmg\AppData\Local\JetBrains\Toolbox\scripts;C:\Users\luhmg\AppData\Local\Programs\Microsoft VS Code\bin;C:\Users\luhmg\AppData\Local\Programs\mongosh\;C:\Program Files\JetBrains\WebStorm 2024.2.4\bin;C:\Program Files\heroku\bin;C:\tools\dart-sdk\bin;C:\Users\luhmg\AppData\Local\Pub\Cache\bin;C:\Program Files\\Elastic\Beats\8.17.0\filebeat
USERNAME=luhmg
OS=Windows_NT
PROCESSOR_IDENTIFIER=AMD64 Family 23 Model 104 Stepping 1, AuthenticAMD
TMP=C:\Users\luhmg\AppData\Local\Temp
TEMP=C:\Users\luhmg\AppData\Local\Temp




Periodic native trim disabled

---------------  S Y S T E M  ---------------

OS:
 Windows 11 , 64 bit Build 26100 (10.0.26100.1882)
OS uptime: 2 days 20:56 hours
Hyper-V role detected

CPU: total 12 (initial active 12) (12 cores per cpu, 2 threads per core) family 23 model 104 stepping 1 microcode 0x8608103, cx8, cmov, fxsr, ht, mmx, 3dnowpref, sse, sse2, sse3, ssse3, sse4a, sse4.1, sse4.2, popcnt, lzcnt, tsc, tscinvbit, avx, avx2, aes, clmul, bmi1, bmi2, adx, sha, fma, vzeroupper, clflush, clflushopt, hv, rdtscp, rdpid, f16c
Processor Information for processor 0
  Max Mhz: 2100, Current Mhz: 1988, Mhz Limit: 2100
Processor Information for processor 1
  Max Mhz: 2100, Current Mhz: 2100, Mhz Limit: 2100
Processor Information for processor 2
  Max Mhz: 2100, Current Mhz: 2100, Mhz Limit: 2100
Processor Information for processor 3
  Max Mhz: 2100, Current Mhz: 1988, Mhz Limit: 2100
Processor Information for processor 4
  Max Mhz: 2100, Current Mhz: 1988, Mhz Limit: 2100
Processor Information for processor 5
  Max Mhz: 2100, Current Mhz: 1988, Mhz Limit: 2100
Processor Information for processor 6
  Max Mhz: 2100, Current Mhz: 2100, Mhz Limit: 2100
Processor Information for processor 7
  Max Mhz: 2100, Current Mhz: 1988, Mhz Limit: 2100
Processor Information for processor 8
  Max Mhz: 2100, Current Mhz: 2100, Mhz Limit: 2100
Processor Information for processor 9
  Max Mhz: 2100, Current Mhz: 1988, Mhz Limit: 2100
Processor Information for processor 10
  Max Mhz: 2100, Current Mhz: 1988, Mhz Limit: 2100
Processor Information for processor 11
  Max Mhz: 2100, Current Mhz: 2100, Mhz Limit: 2100

Memory: 4k page, system-wide physical 6005M (390M free)
TotalPageFile size 24437M (AvailPageFile size 2M)
current process WorkingSet (physical memory assigned to process): 132M, peak: 133M
current process commit charge ("private bytes"): 227M, peak: 228M

vm_info: Java HotSpot(TM) 64-Bit Server VM (21.0.5+9-LTS-239) for windows-amd64 JRE (21.0.5+9-LTS-239), built on 2024-09-30T05:17:38Z by "mach5one" with MS VC++ 17.6 (VS2022)

END.
