#
# There is insufficient memory for the Java Runtime Environment to continue.
# Native memory allocation (malloc) failed to allocate 1572176 bytes for Chunk::new
# Possible reasons:
#   The system is out of physical RAM or swap space
#   The process is running with CompressedOops enabled, and the Java Heap may be blocking the growth of the native heap
# Possible solutions:
#   Reduce memory load on the system
#   Increase physical memory or swap space
#   Check if swap backing store is full
#   Decrease Java heap size (-Xmx/-Xms)
#   Decrease number of Java threads
#   Decrease Java thread stack sizes (-Xss)
#   Set larger code cache with -XX:ReservedCodeCacheSize=
#   JVM is running with Unscaled Compressed Oops mode in which the Java heap is
#     placed in the first 4GB address space. The Java Heap base address is the
#     maximum limit for the native heap growth. Please use -XX:HeapBaseMinAddress
#     to set the Java Heap base and to place the Java Heap above 4GB virtual address.
# This output file may be truncated or incomplete.
#
#  Out of Memory Error (arena.cpp:168), pid=19644, tid=20216
#
# JRE version: Java(TM) SE Runtime Environment (21.0.5+9) (build 21.0.5+9-LTS-239)
# Java VM: Java HotSpot(TM) 64-Bit Server VM (21.0.5+9-LTS-239, mixed mode, sharing, tiered, compressed oops, compressed class ptrs, g1 gc, windows-amd64)
# No core dump will be written. Minidumps are not enabled by default on client versions of Windows
#

---------------  S U M M A R Y ------------

Command Line: -javaagent:C:\Users\luhmg\AppData\Local\Programs\IntelliJ IDEA Community Edition\lib\idea_rt.jar=50760:C:\Users\luhmg\AppData\Local\Programs\IntelliJ IDEA Community Edition\bin -Dfile.encoding=UTF-8 -Dsun.stdout.encoding=UTF-8 -Dsun.stderr.encoding=UTF-8 com.luizgasparetto.universitysystem.UniversitySystemApplication

Host: AMD Ryzen 5 5500U with Radeon Graphics         , 12 cores, 5G,  Windows 11 , 64 bit Build 26100 (10.0.26100.1882)
Time: Tue Dec 31 16:43:45 2024 E. South America Standard Time elapsed time: 12.031147 seconds (0d 0h 0m 12s)

---------------  T H R E A D  ---------------

Current thread (0x0000028e62e96310):  JavaThread "C2 CompilerThread0" daemon [_thread_in_native, id=20216, stack(0x000000c0c8c00000,0x000000c0c8d00000) (1024K)]


Current CompileTask:
C2:  12031 6150       4       org.springframework.core.ResolvableType::resolveType (146 bytes)

Stack: [0x000000c0c8c00000,0x000000c0c8d00000]
Native frames: (J=compiled Java code, j=interpreted, Vv=VM code, C=native code)
V  [jvm.dll+0x6ca289]
V  [jvm.dll+0x854a51]
V  [jvm.dll+0x856f7e]
V  [jvm.dll+0x857653]
V  [jvm.dll+0x27dd26]
V  [jvm.dll+0xc4c2d]
V  [jvm.dll+0xc5163]
V  [jvm.dll+0x3b4d02]
V  [jvm.dll+0x3814b5]
V  [jvm.dll+0x38092a]
V  [jvm.dll+0x246910]
V  [jvm.dll+0x245eef]
V  [jvm.dll+0x1c6d0e]
V  [jvm.dll+0x2554d9]
V  [jvm.dll+0x253a6a]
V  [jvm.dll+0x3ee136]
V  [jvm.dll+0x7fee9b]
V  [jvm.dll+0x6c896d]
C  [ucrtbase.dll+0x14ea0]
C  [KERNEL32.DLL+0x2dbe7]
C  [ntdll.dll+0x85a4c]


---------------  P R O C E S S  ---------------

Threads class SMR info:
_java_thread_list=0x0000028e69074ff0, length=21, elements={
0x0000028e4635a900, 0x0000028e62e776f0, 0x0000028e62e78340, 0x0000028e62e81e70,
0x0000028e62e87db0, 0x0000028e62e87720, 0x0000028e62e87090, 0x0000028e62e96310,
0x0000028e62e9cbe0, 0x0000028e62e85ce0, 0x0000028e62e84930, 0x0000028e62e84fc0,
0x0000028e62e86a00, 0x0000028e62e86370, 0x0000028e68d68db0, 0x0000028e68d66ce0,
0x0000028e68d68720, 0x0000028e69b37e80, 0x0000028e68d66650, 0x0000028e68d65fc0,
0x0000028e68d67370
}

Java Threads: ( => current thread )
  0x0000028e4635a900 JavaThread "main"                              [_thread_blocked, id=11324, stack(0x000000c0c7e00000,0x000000c0c7f00000) (1024K)]
  0x0000028e62e776f0 JavaThread "Reference Handler"          daemon [_thread_blocked, id=22876, stack(0x000000c0c8600000,0x000000c0c8700000) (1024K)]
  0x0000028e62e78340 JavaThread "Finalizer"                  daemon [_thread_blocked, id=4628, stack(0x000000c0c8700000,0x000000c0c8800000) (1024K)]
  0x0000028e62e81e70 JavaThread "Signal Dispatcher"          daemon [_thread_blocked, id=12504, stack(0x000000c0c8800000,0x000000c0c8900000) (1024K)]
  0x0000028e62e87db0 JavaThread "Attach Listener"            daemon [_thread_blocked, id=15552, stack(0x000000c0c8900000,0x000000c0c8a00000) (1024K)]
  0x0000028e62e87720 JavaThread "Service Thread"             daemon [_thread_blocked, id=16372, stack(0x000000c0c8a00000,0x000000c0c8b00000) (1024K)]
  0x0000028e62e87090 JavaThread "Monitor Deflation Thread"   daemon [_thread_blocked, id=3532, stack(0x000000c0c8b00000,0x000000c0c8c00000) (1024K)]
=>0x0000028e62e96310 JavaThread "C2 CompilerThread0"         daemon [_thread_in_native, id=20216, stack(0x000000c0c8c00000,0x000000c0c8d00000) (1024K)]
  0x0000028e62e9cbe0 JavaThread "C1 CompilerThread0"         daemon [_thread_blocked, id=7636, stack(0x000000c0c8d00000,0x000000c0c8e00000) (1024K)]
  0x0000028e62e85ce0 JavaThread "Common-Cleaner"             daemon [_thread_blocked, id=23904, stack(0x000000c0c8e00000,0x000000c0c8f00000) (1024K)]
  0x0000028e62e84930 JavaThread "Monitor Ctrl-Break"         daemon [_thread_in_native, id=14192, stack(0x000000c0c9000000,0x000000c0c9100000) (1024K)]
  0x0000028e62e84fc0 JavaThread "Notification Thread"        daemon [_thread_blocked, id=14656, stack(0x000000c0c9100000,0x000000c0c9200000) (1024K)]
  0x0000028e62e86a00 JavaThread "Thread-0"                          [_thread_blocked, id=8164, stack(0x000000c0c9200000,0x000000c0c9300000) (1024K)]
  0x0000028e62e86370 JavaThread "restartedMain"                     [_thread_in_native, id=10988, stack(0x000000c0c9300000,0x000000c0c9400000) (1024K)]
  0x0000028e68d68db0 JavaThread "PostgreSQL-JDBC-Cleaner"    daemon [_thread_blocked, id=6016, stack(0x000000c0ca000000,0x000000c0ca100000) (1024K)]
  0x0000028e68d66ce0 JavaThread "HikariPool-1 housekeeper"   daemon [_thread_blocked, id=2000, stack(0x000000c0ca100000,0x000000c0ca200000) (1024K)]
  0x0000028e68d68720 JavaThread "HikariPool-1 connection adder" daemon [_thread_blocked, id=24024, stack(0x000000c0ca200000,0x000000c0ca300000) (1024K)]
  0x0000028e69b37e80 JavaThread "C2 CompilerThread1"         daemon [_thread_in_native, id=14264, stack(0x000000c0c8f00000,0x000000c0c9000000) (1024K)]
  0x0000028e68d66650 JavaThread "Catalina-utility-1"                [_thread_blocked, id=16064, stack(0x000000c0ca300000,0x000000c0ca400000) (1024K)]
  0x0000028e68d65fc0 JavaThread "Catalina-utility-2"                [_thread_blocked, id=12396, stack(0x000000c0ca400000,0x000000c0ca500000) (1024K)]
  0x0000028e68d67370 JavaThread "container-0"                       [_thread_blocked, id=6700, stack(0x000000c0ca500000,0x000000c0ca600000) (1024K)]
Total: 21

Other Threads:
  0x0000028e62e5ff80 VMThread "VM Thread"                           [id=12352, stack(0x000000c0c8500000,0x000000c0c8600000) (1024K)]
  0x0000028e62e4ed80 WatcherThread "VM Periodic Task Thread"        [id=23260, stack(0x000000c0c8400000,0x000000c0c8500000) (1024K)]
  0x0000028e463a2750 WorkerThread "GC Thread#0"                     [id=7692, stack(0x000000c0c7f00000,0x000000c0c8000000) (1024K)]
  0x0000028e67f3ef70 WorkerThread "GC Thread#1"                     [id=21508, stack(0x000000c0c9400000,0x000000c0c9500000) (1024K)]
  0x0000028e67f4b2d0 WorkerThread "GC Thread#2"                     [id=22832, stack(0x000000c0c9500000,0x000000c0c9600000) (1024K)]
  0x0000028e67f56bf0 WorkerThread "GC Thread#3"                     [id=20324, stack(0x000000c0c9600000,0x000000c0c9700000) (1024K)]
  0x0000028e67f57ba0 WorkerThread "GC Thread#4"                     [id=17924, stack(0x000000c0c9700000,0x000000c0c9800000) (1024K)]
  0x0000028e67f58350 WorkerThread "GC Thread#5"                     [id=11860, stack(0x000000c0c9800000,0x000000c0c9900000) (1024K)]
  0x0000028e68307f30 WorkerThread "GC Thread#6"                     [id=21304, stack(0x000000c0c9a00000,0x000000c0c9b00000) (1024K)]
  0x0000028e68325940 WorkerThread "GC Thread#7"                     [id=9868, stack(0x000000c0c9b00000,0x000000c0c9c00000) (1024K)]
  0x0000028e68392170 WorkerThread "GC Thread#8"                     [id=19308, stack(0x000000c0c9c00000,0x000000c0c9d00000) (1024K)]
  0x0000028e68392510 WorkerThread "GC Thread#9"                     [id=16484, stack(0x000000c0c9d00000,0x000000c0c9e00000) (1024K)]
  0x0000028e463af2f0 ConcurrentGCThread "G1 Main Marker"            [id=25364, stack(0x000000c0c8000000,0x000000c0c8100000) (1024K)]
  0x0000028e463b0c70 WorkerThread "G1 Conc#0"                       [id=6724, stack(0x000000c0c8100000,0x000000c0c8200000) (1024K)]
  0x0000028e6835ed60 WorkerThread "G1 Conc#1"                       [id=24604, stack(0x000000c0c9e00000,0x000000c0c9f00000) (1024K)]
  0x0000028e6835e620 WorkerThread "G1 Conc#2"                       [id=16496, stack(0x000000c0c9f00000,0x000000c0ca000000) (1024K)]
  0x0000028e4640e5f0 ConcurrentGCThread "G1 Refine#0"               [id=11092, stack(0x000000c0c8200000,0x000000c0c8300000) (1024K)]
  0x0000028e62d203a0 ConcurrentGCThread "G1 Service"                [id=24072, stack(0x000000c0c8300000,0x000000c0c8400000) (1024K)]
Total: 18

Threads with active compile tasks:
C2 CompilerThread0    12073 6150       4       org.springframework.core.ResolvableType::resolveType (146 bytes)
C2 CompilerThread1    12073 6134       4       org.springframework.core.BridgeMethodResolver::resolveBridgeMethod (180 bytes)
Total: 2

VM state: not at safepoint (normal execution)

VM Mutex/Monitor currently owned by a thread: None

Heap address: 0x00000000a2200000, size: 1502 MB, Compressed Oops mode: 32-bit

CDS archive(s) mapped at: [0x0000028e00000000-0x0000028e00c90000-0x0000028e00c90000), size 13172736, SharedBaseAddress: 0x0000028e00000000, ArchiveRelocationMode: 1.
Compressed class space mapped at: 0x0000028e01000000-0x0000028e41000000, reserved size: 1073741824
Narrow klass base: 0x0000028e00000000, Narrow klass shift: 0, Narrow klass range: 0x100000000

GC Precious Log:
 CardTable entry size: 512
 Card Set container configuration: InlinePtr #cards 5 size 8 Array Of Cards #cards 12 size 40 Howl #buckets 4 coarsen threshold 1843 Howl Bitmap #cards 512 size 80 coarsen threshold 460 Card regions per heap region 1 cards per card region 2048
 CPUs: 12 total, 12 available
 Memory: 6005M
 Large Page Support: Disabled
 NUMA Support: Disabled
 Compressed Oops: Enabled (32-bit)
 Heap Region Size: 1M
 Heap Min Capacity: 8M
 Heap Initial Capacity: 94M
 Heap Max Capacity: 1502M
 Pre-touch: Disabled
 Parallel Workers: 10
 Concurrent Workers: 3
 Concurrent Refinement Workers: 10
 Periodic GC: Disabled

Heap:
 garbage-first heap   total 68608K, used 55291K [0x00000000a2200000, 0x0000000100000000)
  region size 1024K, 30 young (30720K), 4 survivors (4096K)
 Metaspace       used 68205K, committed 68928K, reserved 1114112K
  class space    used 9215K, committed 9536K, reserved 1048576K

Heap Regions: E=young(eden), S=young(survivor), O=old, HS=humongous(starts), HC=humongous(continues), CS=collection set, F=free, TAMS=top-at-mark-start, PB=parsable bottom
|   0|0x00000000a2200000, 0x00000000a2300000, 0x00000000a2300000|100%|HS|  |TAMS 0x00000000a2200000| PB 0x00000000a2200000| Complete 
|   1|0x00000000a2300000, 0x00000000a2400000, 0x00000000a2400000|100%|HS|  |TAMS 0x00000000a2300000| PB 0x00000000a2300000| Complete 
|   2|0x00000000a2400000, 0x00000000a2500000, 0x00000000a2500000|100%| O|  |TAMS 0x00000000a2400000| PB 0x00000000a2400000| Untracked 
|   3|0x00000000a2500000, 0x00000000a2600000, 0x00000000a2600000|100%| O|  |TAMS 0x00000000a2500000| PB 0x00000000a2500000| Untracked 
|   4|0x00000000a2600000, 0x00000000a2700000, 0x00000000a2700000|100%| O|  |TAMS 0x00000000a2600000| PB 0x00000000a2600000| Untracked 
|   5|0x00000000a2700000, 0x00000000a2800000, 0x00000000a2800000|100%| O|  |TAMS 0x00000000a2700000| PB 0x00000000a2700000| Untracked 
|   6|0x00000000a2800000, 0x00000000a2900000, 0x00000000a2900000|100%| O|  |TAMS 0x00000000a2800000| PB 0x00000000a2800000| Untracked 
|   7|0x00000000a2900000, 0x00000000a2a00000, 0x00000000a2a00000|100%| O|  |TAMS 0x00000000a2900000| PB 0x00000000a2900000| Untracked 
|   8|0x00000000a2a00000, 0x00000000a2b00000, 0x00000000a2b00000|100%| O|  |TAMS 0x00000000a2a00000| PB 0x00000000a2a00000| Untracked 
|   9|0x00000000a2b00000, 0x00000000a2c00000, 0x00000000a2c00000|100%| O|  |TAMS 0x00000000a2b00000| PB 0x00000000a2b00000| Untracked 
|  10|0x00000000a2c00000, 0x00000000a2d00000, 0x00000000a2d00000|100%| O|  |TAMS 0x00000000a2c00000| PB 0x00000000a2c00000| Untracked 
|  11|0x00000000a2d00000, 0x00000000a2e00000, 0x00000000a2e00000|100%| O|  |TAMS 0x00000000a2d00000| PB 0x00000000a2d00000| Untracked 
|  12|0x00000000a2e00000, 0x00000000a2f00000, 0x00000000a2f00000|100%| O|  |TAMS 0x00000000a2e00000| PB 0x00000000a2e00000| Untracked 
|  13|0x00000000a2f00000, 0x00000000a3000000, 0x00000000a3000000|100%| O|  |TAMS 0x00000000a2f00000| PB 0x00000000a2f00000| Untracked 
|  14|0x00000000a3000000, 0x00000000a3100000, 0x00000000a3100000|100%| O|  |TAMS 0x00000000a3000000| PB 0x00000000a3000000| Untracked 
|  15|0x00000000a3100000, 0x00000000a3200000, 0x00000000a3200000|100%| O|  |TAMS 0x00000000a3100000| PB 0x00000000a3100000| Untracked 
|  16|0x00000000a3200000, 0x00000000a3300000, 0x00000000a3300000|100%| O|Cm|TAMS 0x00000000a3200000| PB 0x00000000a3200000| Complete 
|  17|0x00000000a3300000, 0x00000000a3400000, 0x00000000a3400000|100%| O|  |TAMS 0x00000000a3300000| PB 0x00000000a3300000| Untracked 
|  18|0x00000000a3400000, 0x00000000a3500000, 0x00000000a3500000|100%| O|  |TAMS 0x00000000a3400000| PB 0x00000000a3400000| Untracked 
|  19|0x00000000a3500000, 0x00000000a3600000, 0x00000000a3600000|100%| O|  |TAMS 0x00000000a3500000| PB 0x00000000a3500000| Untracked 
|  20|0x00000000a3600000, 0x00000000a3700000, 0x00000000a3700000|100%| O|  |TAMS 0x00000000a3600000| PB 0x00000000a3600000| Untracked 
|  21|0x00000000a3700000, 0x00000000a3800000, 0x00000000a3800000|100%| O|  |TAMS 0x00000000a3700000| PB 0x00000000a3700000| Untracked 
|  22|0x00000000a3800000, 0x00000000a3800000, 0x00000000a3900000|  0%| F|  |TAMS 0x00000000a3800000| PB 0x00000000a3800000| Untracked 
|  23|0x00000000a3900000, 0x00000000a3900000, 0x00000000a3a00000|  0%| F|  |TAMS 0x00000000a3900000| PB 0x00000000a3900000| Untracked 
|  24|0x00000000a3a00000, 0x00000000a3afefd0, 0x00000000a3b00000| 99%| S|CS|TAMS 0x00000000a3a00000| PB 0x00000000a3a00000| Complete 
|  25|0x00000000a3b00000, 0x00000000a3c00000, 0x00000000a3c00000|100%| S|CS|TAMS 0x00000000a3b00000| PB 0x00000000a3b00000| Complete 
|  26|0x00000000a3c00000, 0x00000000a3d00000, 0x00000000a3d00000|100%| S|CS|TAMS 0x00000000a3c00000| PB 0x00000000a3c00000| Complete 
|  27|0x00000000a3d00000, 0x00000000a3e00000, 0x00000000a3e00000|100%| S|CS|TAMS 0x00000000a3d00000| PB 0x00000000a3d00000| Complete 
|  28|0x00000000a3e00000, 0x00000000a3e00000, 0x00000000a3f00000|  0%| F|  |TAMS 0x00000000a3e00000| PB 0x00000000a3e00000| Untracked 
|  29|0x00000000a3f00000, 0x00000000a3f00000, 0x00000000a4000000|  0%| F|  |TAMS 0x00000000a3f00000| PB 0x00000000a3f00000| Untracked 
|  30|0x00000000a4000000, 0x00000000a4000000, 0x00000000a4100000|  0%| F|  |TAMS 0x00000000a4000000| PB 0x00000000a4000000| Untracked 
|  31|0x00000000a4100000, 0x00000000a4100000, 0x00000000a4200000|  0%| F|  |TAMS 0x00000000a4100000| PB 0x00000000a4100000| Untracked 
|  32|0x00000000a4200000, 0x00000000a4200000, 0x00000000a4300000|  0%| F|  |TAMS 0x00000000a4200000| PB 0x00000000a4200000| Untracked 
|  33|0x00000000a4300000, 0x00000000a4300000, 0x00000000a4400000|  0%| F|  |TAMS 0x00000000a4300000| PB 0x00000000a4300000| Untracked 
|  34|0x00000000a4400000, 0x00000000a4400000, 0x00000000a4500000|  0%| F|  |TAMS 0x00000000a4400000| PB 0x00000000a4400000| Untracked 
|  35|0x00000000a4500000, 0x00000000a4500000, 0x00000000a4600000|  0%| F|  |TAMS 0x00000000a4500000| PB 0x00000000a4500000| Untracked 
|  36|0x00000000a4600000, 0x00000000a4600000, 0x00000000a4700000|  0%| F|  |TAMS 0x00000000a4600000| PB 0x00000000a4600000| Untracked 
|  37|0x00000000a4700000, 0x00000000a4700000, 0x00000000a4800000|  0%| F|  |TAMS 0x00000000a4700000| PB 0x00000000a4700000| Untracked 
|  38|0x00000000a4800000, 0x00000000a4900000, 0x00000000a4900000|100%| E|  |TAMS 0x00000000a4800000| PB 0x00000000a4800000| Complete 
|  39|0x00000000a4900000, 0x00000000a4a00000, 0x00000000a4a00000|100%| E|CS|TAMS 0x00000000a4900000| PB 0x00000000a4900000| Complete 
|  40|0x00000000a4a00000, 0x00000000a4b00000, 0x00000000a4b00000|100%| E|CS|TAMS 0x00000000a4a00000| PB 0x00000000a4a00000| Complete 
|  41|0x00000000a4b00000, 0x00000000a4c00000, 0x00000000a4c00000|100%| E|CS|TAMS 0x00000000a4b00000| PB 0x00000000a4b00000| Complete 
|  42|0x00000000a4c00000, 0x00000000a4d00000, 0x00000000a4d00000|100%| E|CS|TAMS 0x00000000a4c00000| PB 0x00000000a4c00000| Complete 
|  43|0x00000000a4d00000, 0x00000000a4e00000, 0x00000000a4e00000|100%| E|CS|TAMS 0x00000000a4d00000| PB 0x00000000a4d00000| Complete 
|  44|0x00000000a4e00000, 0x00000000a4f00000, 0x00000000a4f00000|100%| E|CS|TAMS 0x00000000a4e00000| PB 0x00000000a4e00000| Complete 
|  45|0x00000000a4f00000, 0x00000000a5000000, 0x00000000a5000000|100%| E|CS|TAMS 0x00000000a4f00000| PB 0x00000000a4f00000| Complete 
|  46|0x00000000a5000000, 0x00000000a5100000, 0x00000000a5100000|100%| E|CS|TAMS 0x00000000a5000000| PB 0x00000000a5000000| Complete 
|  47|0x00000000a5100000, 0x00000000a5200000, 0x00000000a5200000|100%| E|CS|TAMS 0x00000000a5100000| PB 0x00000000a5100000| Complete 
|  48|0x00000000a5200000, 0x00000000a5300000, 0x00000000a5300000|100%| E|CS|TAMS 0x00000000a5200000| PB 0x00000000a5200000| Complete 
|  49|0x00000000a5300000, 0x00000000a5400000, 0x00000000a5400000|100%| E|CS|TAMS 0x00000000a5300000| PB 0x00000000a5300000| Complete 
|  50|0x00000000a5400000, 0x00000000a5500000, 0x00000000a5500000|100%| E|CS|TAMS 0x00000000a5400000| PB 0x00000000a5400000| Complete 
|  51|0x00000000a5500000, 0x00000000a5600000, 0x00000000a5600000|100%| E|CS|TAMS 0x00000000a5500000| PB 0x00000000a5500000| Complete 
|  52|0x00000000a5600000, 0x00000000a5700000, 0x00000000a5700000|100%| E|CS|TAMS 0x00000000a5600000| PB 0x00000000a5600000| Complete 
|  53|0x00000000a5700000, 0x00000000a5800000, 0x00000000a5800000|100%| E|CS|TAMS 0x00000000a5700000| PB 0x00000000a5700000| Complete 
|  54|0x00000000a5800000, 0x00000000a5900000, 0x00000000a5900000|100%| E|CS|TAMS 0x00000000a5800000| PB 0x00000000a5800000| Complete 
|  55|0x00000000a5900000, 0x00000000a5a00000, 0x00000000a5a00000|100%| E|CS|TAMS 0x00000000a5900000| PB 0x00000000a5900000| Complete 
|  56|0x00000000a5a00000, 0x00000000a5b00000, 0x00000000a5b00000|100%| E|CS|TAMS 0x00000000a5a00000| PB 0x00000000a5a00000| Complete 
|  57|0x00000000a5b00000, 0x00000000a5c00000, 0x00000000a5c00000|100%| E|CS|TAMS 0x00000000a5b00000| PB 0x00000000a5b00000| Complete 
|  58|0x00000000a5c00000, 0x00000000a5d00000, 0x00000000a5d00000|100%| E|CS|TAMS 0x00000000a5c00000| PB 0x00000000a5c00000| Complete 
|  59|0x00000000a5d00000, 0x00000000a5e00000, 0x00000000a5e00000|100%| E|CS|TAMS 0x00000000a5d00000| PB 0x00000000a5d00000| Complete 
|  60|0x00000000a5e00000, 0x00000000a5f00000, 0x00000000a5f00000|100%| E|CS|TAMS 0x00000000a5e00000| PB 0x00000000a5e00000| Complete 
|  61|0x00000000a5f00000, 0x00000000a6000000, 0x00000000a6000000|100%| E|CS|TAMS 0x00000000a5f00000| PB 0x00000000a5f00000| Complete 
|  92|0x00000000a7e00000, 0x00000000a7f00000, 0x00000000a7f00000|100%| E|CS|TAMS 0x00000000a7e00000| PB 0x00000000a7e00000| Complete 
|  93|0x00000000a7f00000, 0x00000000a8000000, 0x00000000a8000000|100%| E|CS|TAMS 0x00000000a7f00000| PB 0x00000000a7f00000| Complete 
|1499|0x00000000ffd00000, 0x00000000ffe00000, 0x00000000ffe00000|100%| O|  |TAMS 0x00000000ffd00000| PB 0x00000000ffd00000| Untracked 
|1500|0x00000000ffe00000, 0x00000000fff00000, 0x00000000fff00000|100%| O|  |TAMS 0x00000000ffe00000| PB 0x00000000ffe00000| Untracked 
|1501|0x00000000fff00000, 0x0000000100000000, 0x0000000100000000|100%| O|  |TAMS 0x00000000fff00000| PB 0x00000000fff00000| Untracked 

Card table byte_map: [0x0000028e5e7e0000,0x0000028e5ead0000] _byte_map_base: 0x0000028e5e2cf000

Marking Bits: (CMBitMap*) 0x0000028e463a2e50
 Bits: [0x0000028e5ead0000, 0x0000028e60248000)

Polling page: 0x0000028e44aa0000

Metaspace:

Usage:
  Non-class:     57.61 MB used.
      Class:      9.00 MB used.
       Both:     66.61 MB used.

Virtual space:
  Non-class space:       64.00 MB reserved,      58.00 MB ( 91%) committed,  1 nodes.
      Class space:        1.00 GB reserved,       9.31 MB ( <1%) committed,  1 nodes.
             Both:        1.06 GB reserved,      67.31 MB (  6%) committed. 

Chunk freelists:
   Non-Class:  5.56 MB
       Class:  6.56 MB
        Both:  12.12 MB

MaxMetaspaceSize: unlimited
CompressedClassSpaceSize: 1.00 GB
Initial GC threshold: 21.00 MB
Current GC threshold: 98.38 MB
CDS: on
 - commit_granule_bytes: 65536.
 - commit_granule_words: 8192.
 - virtual_space_node_default_size: 8388608.
 - enlarge_chunks_in_place: 1.
 - use_allocation_guard: 0.


Internal statistics:

num_allocs_failed_limit: 9.
num_arena_births: 996.
num_arena_deaths: 0.
num_vsnodes_births: 2.
num_vsnodes_deaths: 0.
num_space_committed: 1077.
num_space_uncommitted: 0.
num_chunks_returned_to_freelist: 9.
num_chunks_taken_from_freelist: 3516.
num_chunk_merges: 6.
num_chunk_splits: 2514.
num_chunks_enlarged: 1948.
num_inconsistent_stats: 0.

CodeHeap 'non-profiled nmethods': size=120000Kb used=3582Kb max_used=3582Kb free=116417Kb
 bounds [0x0000028e56320000, 0x0000028e566e0000, 0x0000028e5d850000]
CodeHeap 'profiled nmethods': size=120000Kb used=10699Kb max_used=10699Kb free=109300Kb
 bounds [0x0000028e4e850000, 0x0000028e4f2d0000, 0x0000028e55d80000]
CodeHeap 'non-nmethods': size=5760Kb used=1660Kb max_used=1735Kb free=4099Kb
 bounds [0x0000028e55d80000, 0x0000028e55ff0000, 0x0000028e56320000]
 total_blobs=6149 nmethods=5451 adapters=602
 compilation: enabled
              stopped_count=0, restarted_count=0
 full_count=0

Compilation events (20 events):
Event: 10.969 Thread 0x0000028e62e9cbe0 6217       2       org.springframework.beans.factory.support.AbstractAutowireCapableBeanFactory::invokeAwareMethods (77 bytes)
Event: 10.970 Thread 0x0000028e62e9cbe0 nmethod 6217 0x0000028e4f2be510 code [0x0000028e4f2be700, 0x0000028e4f2beb58]
Event: 10.981 Thread 0x0000028e62e9cbe0 6218       2       org.springframework.context.support.ApplicationContextAwareProcessor::postProcessBeforeInitialization (14 bytes)
Event: 10.981 Thread 0x0000028e62e9cbe0 nmethod 6218 0x0000028e4f2bec90 code [0x0000028e4f2bee40, 0x0000028e4f2befd8]
Event: 10.981 Thread 0x0000028e62e9cbe0 6219       2       org.springframework.web.context.support.ServletContextAwareProcessor::postProcessBeforeInitialization (60 bytes)
Event: 10.982 Thread 0x0000028e62e9cbe0 nmethod 6219 0x0000028e4f2bf090 code [0x0000028e4f2bf2a0, 0x0000028e4f2bf6d0]
Event: 10.982 Thread 0x0000028e62e9cbe0 6220       2       org.springframework.context.support.ApplicationListenerDetector::postProcessBeforeInitialization (2 bytes)
Event: 10.982 Thread 0x0000028e62e9cbe0 nmethod 6220 0x0000028e4eb0ad90 code [0x0000028e4eb0af20, 0x0000028e4eb0b028]
Event: 10.994 Thread 0x0000028e62e9cbe0 6221       2       org.springframework.core.MethodParameter::adaptAnnotationArray (2 bytes)
Event: 10.994 Thread 0x0000028e62e9cbe0 nmethod 6221 0x0000028e4ebe6d90 code [0x0000028e4ebe6f20, 0x0000028e4ebe7028]
Event: 11.005 Thread 0x0000028e62e9cbe0 6223       2       java.lang.invoke.LambdaForm$MH/0x0000028e01459400::invoke (42 bytes)
Event: 11.006 Thread 0x0000028e62e9cbe0 nmethod 6223 0x0000028e4f2bf890 code [0x0000028e4f2bfa80, 0x0000028e4f2bfe18]
Event: 11.007 Thread 0x0000028e62e9cbe0 6224       2       org.springframework.boot.context.properties.ConfigurationPropertiesBean::findAnnotation (90 bytes)
Event: 11.008 Thread 0x0000028e62e9cbe0 nmethod 6224 0x0000028e4f2c0090 code [0x0000028e4f2c0300, 0x0000028e4f2c0778]
Event: 11.008 Thread 0x0000028e62e9cbe0 6225       2       sun.reflect.generics.parser.SignatureParser::parseZeroOrMoreTypeSignatures (174 bytes)
Event: 11.009 Thread 0x0000028e62e9cbe0 nmethod 6225 0x0000028e4f2c0a10 code [0x0000028e4f2c0c00, 0x0000028e4f2c1220]
Event: 11.009 Thread 0x0000028e62e9cbe0 6226       2       sun.reflect.generics.tree.MethodTypeSignature::<init> (26 bytes)
Event: 11.009 Thread 0x0000028e62e9cbe0 nmethod 6226 0x0000028e4f2c1510 code [0x0000028e4f2c16c0, 0x0000028e4f2c1930]
Event: 11.009 Thread 0x0000028e62e9cbe0 6227       2       sun.reflect.generics.tree.TypeVariableSignature::make (9 bytes)
Event: 11.009 Thread 0x0000028e62e9cbe0 nmethod 6227 0x0000028e4f2c1a10 code [0x0000028e4f2c1ba0, 0x0000028e4f2c1d30]

GC Heap History (20 events):
Event: 1.119 GC heap before
{Heap before GC invocations=0 (full 0):
 garbage-first heap   total 96256K, used 24576K [0x00000000a2200000, 0x0000000100000000)
  region size 1024K, 23 young (23552K), 0 survivors (0K)
 Metaspace       used 5726K, committed 5952K, reserved 1114112K
  class space    used 634K, committed 768K, reserved 1048576K
}
Event: 1.125 GC heap after
{Heap after GC invocations=1 (full 0):
 garbage-first heap   total 96256K, used 8047K [0x00000000a2200000, 0x0000000100000000)
  region size 1024K, 3 young (3072K), 3 survivors (3072K)
 Metaspace       used 5726K, committed 5952K, reserved 1114112K
  class space    used 634K, committed 768K, reserved 1048576K
}
Event: 2.085 GC heap before
{Heap before GC invocations=1 (full 0):
 garbage-first heap   total 96256K, used 37743K [0x00000000a2200000, 0x0000000100000000)
  region size 1024K, 33 young (33792K), 3 survivors (3072K)
 Metaspace       used 13442K, committed 13824K, reserved 1114112K
  class space    used 1743K, committed 1920K, reserved 1048576K
}
Event: 2.090 GC heap after
{Heap after GC invocations=2 (full 0):
 garbage-first heap   total 96256K, used 10540K [0x00000000a2200000, 0x0000000100000000)
  region size 1024K, 3 young (3072K), 3 survivors (3072K)
 Metaspace       used 13442K, committed 13824K, reserved 1114112K
  class space    used 1743K, committed 1920K, reserved 1048576K
}
Event: 2.716 GC heap before
{Heap before GC invocations=2 (full 0):
 garbage-first heap   total 96256K, used 47404K [0x00000000a2200000, 0x0000000100000000)
  region size 1024K, 41 young (41984K), 3 survivors (3072K)
 Metaspace       used 21206K, committed 21504K, reserved 1114112K
  class space    used 2623K, committed 2752K, reserved 1048576K
}
Event: 2.722 GC heap after
{Heap after GC invocations=3 (full 0):
 garbage-first heap   total 96256K, used 14185K [0x00000000a2200000, 0x0000000100000000)
  region size 1024K, 7 young (7168K), 7 survivors (7168K)
 Metaspace       used 21206K, committed 21504K, reserved 1114112K
  class space    used 2623K, committed 2752K, reserved 1048576K
}
Event: 4.142 GC heap before
{Heap before GC invocations=4 (full 0):
 garbage-first heap   total 58368K, used 57193K [0x00000000a2200000, 0x0000000100000000)
  region size 1024K, 49 young (50176K), 7 survivors (7168K)
 Metaspace       used 26786K, committed 27072K, reserved 1114112K
  class space    used 3333K, committed 3456K, reserved 1048576K
}
Event: 4.149 GC heap after
{Heap after GC invocations=5 (full 0):
 garbage-first heap   total 68608K, used 17370K [0x00000000a2200000, 0x0000000100000000)
  region size 1024K, 7 young (7168K), 7 survivors (7168K)
 Metaspace       used 26786K, committed 27072K, reserved 1114112K
  class space    used 3333K, committed 3456K, reserved 1048576K
}
Event: 5.740 GC heap before
{Heap before GC invocations=5 (full 0):
 garbage-first heap   total 68608K, used 50138K [0x00000000a2200000, 0x0000000100000000)
  region size 1024K, 40 young (40960K), 7 survivors (7168K)
 Metaspace       used 32881K, committed 33344K, reserved 1114112K
  class space    used 4132K, committed 4352K, reserved 1048576K
}
Event: 5.747 GC heap after
{Heap after GC invocations=6 (full 0):
 garbage-first heap   total 68608K, used 20742K [0x00000000a2200000, 0x0000000100000000)
  region size 1024K, 4 young (4096K), 4 survivors (4096K)
 Metaspace       used 32881K, committed 33344K, reserved 1114112K
  class space    used 4132K, committed 4352K, reserved 1048576K
}
Event: 6.170 GC heap before
{Heap before GC invocations=6 (full 0):
 garbage-first heap   total 68608K, used 36102K [0x00000000a2200000, 0x0000000100000000)
  region size 1024K, 20 young (20480K), 4 survivors (4096K)
 Metaspace       used 35406K, committed 35968K, reserved 1114112K
  class space    used 4468K, committed 4672K, reserved 1048576K
}
Event: 6.175 GC heap after
{Heap after GC invocations=7 (full 0):
 garbage-first heap   total 68608K, used 21668K [0x00000000a2200000, 0x0000000100000000)
  region size 1024K, 2 young (2048K), 2 survivors (2048K)
 Metaspace       used 35406K, committed 35968K, reserved 1114112K
  class space    used 4468K, committed 4672K, reserved 1048576K
}
Event: 7.481 GC heap before
{Heap before GC invocations=8 (full 0):
 garbage-first heap   total 68608K, used 56484K [0x00000000a2200000, 0x0000000100000000)
  region size 1024K, 36 young (36864K), 2 survivors (2048K)
 Metaspace       used 45558K, committed 46080K, reserved 1114112K
  class space    used 5944K, committed 6208K, reserved 1048576K
}
Event: 7.484 GC heap after
{Heap after GC invocations=9 (full 0):
 garbage-first heap   total 68608K, used 23741K [0x00000000a2200000, 0x0000000100000000)
  region size 1024K, 4 young (4096K), 4 survivors (4096K)
 Metaspace       used 45558K, committed 46080K, reserved 1114112K
  class space    used 5944K, committed 6208K, reserved 1048576K
}
Event: 8.352 GC heap before
{Heap before GC invocations=9 (full 0):
 garbage-first heap   total 68608K, used 56509K [0x00000000a2200000, 0x0000000100000000)
  region size 1024K, 37 young (37888K), 4 survivors (4096K)
 Metaspace       used 54741K, committed 55360K, reserved 1114112K
  class space    used 7267K, committed 7552K, reserved 1048576K
}
Event: 8.357 GC heap after
{Heap after GC invocations=10 (full 0):
 garbage-first heap   total 68608K, used 25605K [0x00000000a2200000, 0x0000000100000000)
  region size 1024K, 5 young (5120K), 5 survivors (5120K)
 Metaspace       used 54741K, committed 55360K, reserved 1114112K
  class space    used 7267K, committed 7552K, reserved 1048576K
}
Event: 8.953 GC heap before
{Heap before GC invocations=10 (full 0):
 garbage-first heap   total 68608K, used 45061K [0x00000000a2200000, 0x0000000100000000)
  region size 1024K, 25 young (25600K), 5 survivors (5120K)
 Metaspace       used 59568K, committed 60160K, reserved 1114112K
  class space    used 7990K, committed 8256K, reserved 1048576K
}
Event: 8.958 GC heap after
{Heap after GC invocations=11 (full 0):
 garbage-first heap   total 68608K, used 26700K [0x00000000a2200000, 0x0000000100000000)
  region size 1024K, 3 young (3072K), 3 survivors (3072K)
 Metaspace       used 59568K, committed 60160K, reserved 1114112K
  class space    used 7990K, committed 8256K, reserved 1048576K
}
Event: 9.908 GC heap before
{Heap before GC invocations=12 (full 0):
 garbage-first heap   total 68608K, used 60492K [0x00000000a2200000, 0x0000000100000000)
  region size 1024K, 36 young (36864K), 3 survivors (3072K)
 Metaspace       used 64621K, committed 65344K, reserved 1114112K
  class space    used 8710K, committed 9024K, reserved 1048576K
}
Event: 9.913 GC heap after
{Heap after GC invocations=13 (full 0):
 garbage-first heap   total 68608K, used 29691K [0x00000000a2200000, 0x0000000100000000)
  region size 1024K, 4 young (4096K), 4 survivors (4096K)
 Metaspace       used 64621K, committed 65344K, reserved 1114112K
  class space    used 8710K, committed 9024K, reserved 1048576K
}

Dll operation events (14 events):
Event: 0.016 Loaded shared library C:\Program Files\Java\jdk-21\bin\java.dll
Event: 0.051 Loaded shared library C:\Program Files\Java\jdk-21\bin\jsvml.dll
Event: 0.197 Loaded shared library C:\Program Files\Java\jdk-21\bin\zip.dll
Event: 0.202 Loaded shared library C:\Program Files\Java\jdk-21\bin\instrument.dll
Event: 0.208 Loaded shared library C:\Program Files\Java\jdk-21\bin\net.dll
Event: 0.210 Loaded shared library C:\Program Files\Java\jdk-21\bin\nio.dll
Event: 0.213 Loaded shared library C:\Program Files\Java\jdk-21\bin\zip.dll
Event: 0.348 Loaded shared library C:\Users\luhmg\AppData\Local\Programs\IntelliJ IDEA Community Edition\bin\breakgen64.dll
Event: 0.359 Loaded shared library C:\Program Files\Java\jdk-21\bin\extnet.dll
Event: 0.416 Loaded shared library C:\Program Files\Java\jdk-21\bin\jimage.dll
Event: 0.860 Loaded shared library C:\Program Files\Java\jdk-21\bin\management.dll
Event: 0.862 Loaded shared library C:\Program Files\Java\jdk-21\bin\management_ext.dll
Event: 2.756 Loaded shared library C:\Program Files\Java\jdk-21\bin\sunmscapi.dll
Event: 6.479 Loaded shared library C:\Program Files\Java\jdk-21\bin\verify.dll

Deoptimization events (20 events):
Event: 10.574 Thread 0x0000028e62e86370 DEOPT PACKING pc=0x0000028e563f49f0 sp=0x000000c0c93fad80
Event: 10.574 Thread 0x0000028e62e86370 DEOPT UNPACKING pc=0x0000028e55dd46a2 sp=0x000000c0c93fac98 mode 2
Event: 10.622 Thread 0x0000028e62e86370 Uncommon trap: trap_request=0xffffff45 fr.pc=0x0000028e564a5be8 relative=0x0000000000000128
Event: 10.622 Thread 0x0000028e62e86370 Uncommon trap: reason=unstable_if action=reinterpret pc=0x0000028e564a5be8 method=java.util.IdentityHashMap.nextKeyIndex(II)I @ 4 c2
Event: 10.622 Thread 0x0000028e62e86370 DEOPT PACKING pc=0x0000028e564a5be8 sp=0x000000c0c93fc310
Event: 10.622 Thread 0x0000028e62e86370 DEOPT UNPACKING pc=0x0000028e55dd46a2 sp=0x000000c0c93fc218 mode 2
Event: 10.674 Thread 0x0000028e62e86370 DEOPT PACKING pc=0x0000028e4efb0981 sp=0x000000c0c93fc720
Event: 10.674 Thread 0x0000028e62e86370 DEOPT UNPACKING pc=0x0000028e55dd4e42 sp=0x000000c0c93fbce0 mode 0
Event: 10.792 Thread 0x0000028e62e86370 Uncommon trap: trap_request=0xffffff45 fr.pc=0x0000028e564ed3f8 relative=0x0000000000000278
Event: 10.792 Thread 0x0000028e62e86370 Uncommon trap: reason=unstable_if action=reinterpret pc=0x0000028e564ed3f8 method=org.springframework.beans.factory.support.AbstractAutowireCapableBeanFactory.determineTargetType(Ljava/lang/String;Lorg/springframework/beans/factory/support/RootBeanDefinit
Event: 10.792 Thread 0x0000028e62e86370 DEOPT PACKING pc=0x0000028e564ed3f8 sp=0x000000c0c93fdab0
Event: 10.792 Thread 0x0000028e62e86370 DEOPT UNPACKING pc=0x0000028e55dd46a2 sp=0x000000c0c93fda98 mode 2
Event: 10.806 Thread 0x0000028e62e86370 Uncommon trap: trap_request=0xffffff45 fr.pc=0x0000028e5632b4c8 relative=0x00000000000000a8
Event: 10.806 Thread 0x0000028e62e86370 Uncommon trap: reason=unstable_if action=reinterpret pc=0x0000028e5632b4c8 method=java.lang.String.isLatin1()Z @ 10 c2
Event: 10.806 Thread 0x0000028e62e86370 DEOPT PACKING pc=0x0000028e5632b4c8 sp=0x000000c0c93fced0
Event: 10.806 Thread 0x0000028e62e86370 DEOPT UNPACKING pc=0x0000028e55dd46a2 sp=0x000000c0c93fce00 mode 2
Event: 10.880 Thread 0x0000028e62e86370 Uncommon trap: trap_request=0xffffffde fr.pc=0x0000028e5661f46c relative=0x00000000000000cc
Event: 10.880 Thread 0x0000028e62e86370 Uncommon trap: reason=class_check action=maybe_recompile pc=0x0000028e5661f46c method=java.lang.reflect.Method.equals(Ljava/lang/Object;)Z @ 1 c2
Event: 10.880 Thread 0x0000028e62e86370 DEOPT PACKING pc=0x0000028e5661f46c sp=0x000000c0c93fdfc0
Event: 10.880 Thread 0x0000028e62e86370 DEOPT UNPACKING pc=0x0000028e55dd46a2 sp=0x000000c0c93fdf48 mode 2

Classes loaded (20 events):
Event: 9.609 Loading class jdk/internal/reflect/ClassDefiner
Event: 9.609 Loading class jdk/internal/reflect/ClassDefiner done
Event: 9.609 Loading class jdk/internal/reflect/ClassDefiner$1
Event: 9.609 Loading class jdk/internal/reflect/ClassDefiner$1 done
Event: 9.610 Loading class jdk/internal/reflect/SerializationConstructorAccessorImpl
Event: 9.611 Loading class jdk/internal/reflect/SerializationConstructorAccessorImpl done
Event: 9.719 Loading class java/time/DurationEditor
Event: 9.719 Loading class java/time/DurationEditor done
Event: 9.791 Loading class java/util/Collections$SynchronizedRandomAccessList
Event: 9.791 Loading class java/util/Collections$SynchronizedList
Event: 9.792 Loading class java/util/Collections$SynchronizedList done
Event: 9.792 Loading class java/util/Collections$SynchronizedRandomAccessList done
Event: 10.290 Loading class java/util/AbstractList$SubList$1
Event: 10.291 Loading class java/util/AbstractList$SubList$1 done
Event: 10.495 Loading class java/util/EnumMap$EntrySet
Event: 10.495 Loading class java/util/EnumMap$EntrySet done
Event: 10.495 Loading class java/util/EnumMap$EntryIterator
Event: 10.496 Loading class java/util/EnumMap$EnumMapIterator
Event: 10.496 Loading class java/util/EnumMap$EnumMapIterator done
Event: 10.496 Loading class java/util/EnumMap$EntryIterator done

Classes unloaded (0 events):
No events

Classes redefined (0 events):
No events

Internal exceptions (20 events):
Event: 8.676 Thread 0x0000028e62e86370 Exception <a 'java/lang/NoSuchMethodError'{0x00000000a55ca6f0}: 'java.lang.Object java.lang.invoke.Invokers$Holder.linkToTargetMethod(java.lang.Object, java.lang.Object, java.lang.Object, java.lang.Object, java.lang.Object, java.lang.Object, int, java.lang.Object)'> (0x00000000a55ca6f0) 
thrown [s\open\src\hotspot\share\interpreter\linkResolver.cpp, line 773]
Event: 8.698 Thread 0x0000028e62e86370 Exception <a 'java/lang/NoSuchMethodError'{0x00000000a54cb210}: 'java.lang.Object java.lang.invoke.DirectMethodHandle$Holder.newInvokeSpecial(java.lang.Object, java.lang.Object, int, java.lang.Object, int, java.lang.Object, java.lang.Object)'> (0x00000000a54cb210) 
thrown [s\open\src\hotspot\share\interpreter\linkResolver.cpp, line 773]
Event: 8.704 Thread 0x0000028e62e86370 Exception <a 'java/lang/NoSuchMethodError'{0x00000000a5330cd8}: 'void java.lang.invoke.DirectMethodHandle$Holder.invokeInterface(java.lang.Object, java.lang.Object)'> (0x00000000a5330cd8) 
thrown [s\open\src\hotspot\share\interpreter\linkResolver.cpp, line 773]
Event: 8.908 Thread 0x0000028e62e86370 Exception <a 'java/lang/NoSuchMethodError'{0x00000000a4f01b78}: 'java.lang.Object java.lang.invoke.DirectMethodHandle$Holder.invokeSpecial(java.lang.Object, java.lang.Object, int, java.lang.Object, int)'> (0x00000000a4f01b78) 
thrown [s\open\src\hotspot\share\interpreter\linkResolver.cpp, line 773]
Event: 8.991 Thread 0x0000028e62e86370 Implicit null exception at 0x0000028e5664ba2c to 0x0000028e5664d480
Event: 9.000 Thread 0x0000028e62e86370 Exception <a 'java/lang/IncompatibleClassChangeError'{0x00000000a5f618c0}: Found class java.lang.Object, but interface was expected> (0x00000000a5f618c0) 
thrown [s\open\src\hotspot\share\interpreter\linkResolver.cpp, line 840]
Event: 9.028 Thread 0x0000028e62e86370 Implicit null exception at 0x0000028e56623877 to 0x0000028e56623ae0
Event: 9.051 Thread 0x0000028e62e86370 Exception <a 'java/lang/IncompatibleClassChangeError'{0x00000000a5ee6818}: Found class java.lang.Object, but interface was expected> (0x00000000a5ee6818) 
thrown [s\open\src\hotspot\share\interpreter\linkResolver.cpp, line 840]
Event: 9.221 Thread 0x0000028e62e86370 Exception <a 'java/lang/IncompatibleClassChangeError'{0x00000000a58c8220}: Found class java.lang.Object, but interface was expected> (0x00000000a58c8220) 
thrown [s\open\src\hotspot\share\interpreter\linkResolver.cpp, line 840]
Event: 9.321 Thread 0x0000028e62e86370 Exception <a 'java/lang/IncompatibleClassChangeError'{0x00000000a5579458}: Found class java.lang.Object, but interface was expected> (0x00000000a5579458) 
thrown [s\open\src\hotspot\share\interpreter\linkResolver.cpp, line 840]
Event: 9.321 Thread 0x0000028e62e86370 Exception <a 'java/lang/IncompatibleClassChangeError'{0x00000000a557ec98}: Found class java.lang.Object, but interface was expected> (0x00000000a557ec98) 
thrown [s\open\src\hotspot\share\interpreter\linkResolver.cpp, line 840]
Event: 9.378 Thread 0x0000028e62e86370 Exception <a 'java/lang/NoSuchMethodError'{0x00000000a531e500}: 'java.lang.Object java.lang.invoke.DirectMethodHandle$Holder.invokeStatic(java.lang.Object, int, java.lang.Object)'> (0x00000000a531e500) 
thrown [s\open\src\hotspot\share\interpreter\linkResolver.cpp, line 773]
Event: 9.499 Thread 0x0000028e62e86370 Exception <a 'java/lang/NoSuchMethodError'{0x00000000a500cc28}: 'long java.lang.invoke.DirectMethodHandle$Holder.invokeVirtual(java.lang.Object, java.lang.Object)'> (0x00000000a500cc28) 
thrown [s\open\src\hotspot\share\interpreter\linkResolver.cpp, line 773]
Event: 9.506 Thread 0x0000028e62e86370 Exception <a 'java/io/FileNotFoundException'{0x00000000a5035788}> (0x00000000a5035788) 
thrown [s\open\src\hotspot\share\prims\jni.cpp, line 520]
Event: 9.577 Thread 0x0000028e62e86370 Exception <a 'java/lang/NoSuchMethodError'{0x00000000a4a47de8}: 'int java.lang.invoke.DirectMethodHandle$Holder.invokeStaticInit(java.lang.Object, int, java.lang.Object, java.lang.Object, java.lang.Object, java.lang.Object)'> (0x00000000a4a47de8) 
thrown [s\open\src\hotspot\share\interpreter\linkResolver.cpp, line 773]
Event: 9.740 Thread 0x0000028e62e86370 Exception <a 'java/lang/NoSuchMethodError'{0x00000000a4523e88}: 'java.lang.Object java.lang.invoke.DirectMethodHandle$Holder.newInvokeSpecial(java.lang.Object, java.lang.Object, java.lang.Object, java.lang.Object, java.lang.Object, java.lang.Object, java.lang.Object, java.lang.Object)'> (0x00000000a4523e88) 
thrown [s\open\src\hotspot\share\interpreter\linkResolver.cpp, line 773]
Event: 9.939 Thread 0x0000028e62e86370 Exception <a 'java/lang/NoSuchMethodError'{0x00000000a7fac9f0}: 'java.lang.Object java.lang.invoke.DirectMethodHandle$Holder.invokeVirtual(java.lang.Object, java.lang.Object, java.lang.Object, java.lang.Object, java.lang.Object, java.lang.Object, java.lang.Object)'> (0x00000000a7fac9f0) 
thrown [s\open\src\hotspot\share\interpreter\linkResolver.cpp, line 773]
Event: 10.545 Thread 0x0000028e62e86370 Exception <a 'java/lang/IncompatibleClassChangeError'{0x00000000a52aff48}: Found class java.lang.Object, but interface was expected> (0x00000000a52aff48) 
thrown [s\open\src\hotspot\share\interpreter\linkResolver.cpp, line 840]
Event: 10.862 Thread 0x0000028e62e86370 Exception <a 'java/lang/NoSuchMethodError'{0x00000000a4ce7548}: 'java.lang.Object java.lang.invoke.DirectMethodHandle$Holder.invokeInterface(java.lang.Object, java.lang.Object, java.lang.Object, java.lang.Object)'> (0x00000000a4ce7548) 
thrown [s\open\src\hotspot\share\interpreter\linkResolver.cpp, line 773]
Event: 11.000 Thread 0x0000028e62e86370 Exception <a 'java/lang/NoSuchMethodError'{0x00000000a4acb010}: 'void java.lang.invoke.DirectMethodHandle$Holder.invokeVirtual(java.lang.Object, java.lang.Object, long)'> (0x00000000a4acb010) 
thrown [s\open\src\hotspot\share\interpreter\linkResolver.cpp, line 773]

ZGC Phase Switch (0 events):
No events

VM Operations (20 events):
Event: 9.239 Executing VM operation: HandshakeAllThreads (Deoptimize)
Event: 9.240 Executing VM operation: HandshakeAllThreads (Deoptimize) done
Event: 9.452 Executing VM operation: HandshakeAllThreads (Deoptimize)
Event: 9.452 Executing VM operation: HandshakeAllThreads (Deoptimize) done
Event: 9.453 Executing VM operation: HandshakeAllThreads (Deoptimize)
Event: 9.453 Executing VM operation: HandshakeAllThreads (Deoptimize) done
Event: 9.510 Executing VM operation: HandshakeAllThreads (Deoptimize)
Event: 9.510 Executing VM operation: HandshakeAllThreads (Deoptimize) done
Event: 9.908 Executing VM operation: G1CollectForAllocation (G1 Evacuation Pause)
Event: 9.913 Executing VM operation: G1CollectForAllocation (G1 Evacuation Pause) done
Event: 10.161 Executing VM operation: HandshakeAllThreads (Deoptimize)
Event: 10.161 Executing VM operation: HandshakeAllThreads (Deoptimize) done
Event: 10.216 Executing VM operation: HandshakeAllThreads (Deoptimize)
Event: 10.216 Executing VM operation: HandshakeAllThreads (Deoptimize) done
Event: 10.265 Executing VM operation: HandshakeAllThreads (Deoptimize)
Event: 10.265 Executing VM operation: HandshakeAllThreads (Deoptimize) done
Event: 10.266 Executing VM operation: HandshakeAllThreads (Deoptimize)
Event: 10.266 Executing VM operation: HandshakeAllThreads (Deoptimize) done
Event: 11.279 Executing VM operation: Cleanup
Event: 11.280 Executing VM operation: Cleanup done

Events (20 events):
Event: 8.980 Thread 0x0000028e62e5ff80 flushing nmethod 0x0000028e4ed1ad90
Event: 8.980 Thread 0x0000028e62e5ff80 flushing nmethod 0x0000028e4ed1c690
Event: 8.980 Thread 0x0000028e62e5ff80 flushing nmethod 0x0000028e4ed1db90
Event: 8.980 Thread 0x0000028e62e5ff80 flushing nmethod 0x0000028e4ed62a90
Event: 8.980 Thread 0x0000028e62e5ff80 flushing nmethod 0x0000028e4ed6d790
Event: 8.980 Thread 0x0000028e62e5ff80 flushing nmethod 0x0000028e4ed6f110
Event: 8.980 Thread 0x0000028e62e5ff80 flushing nmethod 0x0000028e4eda8810
Event: 8.980 Thread 0x0000028e62e5ff80 flushing nmethod 0x0000028e4edf8f90
Event: 8.980 Thread 0x0000028e62e5ff80 flushing nmethod 0x0000028e4edfca90
Event: 8.980 Thread 0x0000028e62e5ff80 flushing nmethod 0x0000028e4edfda10
Event: 8.980 Thread 0x0000028e62e5ff80 flushing nmethod 0x0000028e4ee84810
Event: 8.980 Thread 0x0000028e62e5ff80 flushing nmethod 0x0000028e4eeb5190
Event: 8.980 Thread 0x0000028e62e5ff80 flushing nmethod 0x0000028e4eef2b10
Event: 8.980 Thread 0x0000028e62e5ff80 flushing nmethod 0x0000028e4eef4910
Event: 8.980 Thread 0x0000028e62e5ff80 flushing nmethod 0x0000028e4ef0e310
Event: 8.980 Thread 0x0000028e62e5ff80 flushing nmethod 0x0000028e4ef13790
Event: 8.980 Thread 0x0000028e62e5ff80 flushing nmethod 0x0000028e4efb7790
Event: 9.518 Thread 0x0000028e68d66650 Thread added: 0x0000028e68d66650
Event: 9.519 Thread 0x0000028e68d65fc0 Thread added: 0x0000028e68d65fc0
Event: 9.524 Thread 0x0000028e68d67370 Thread added: 0x0000028e68d67370


Dynamic libraries:
0x00007ff7527f0000 - 0x00007ff752800000 	C:\Program Files\Java\jdk-21\bin\java.exe
0x00007ffa09240000 - 0x00007ffa094a3000 	C:\WINDOWS\SYSTEM32\ntdll.dll
0x00007ffa07de0000 - 0x00007ffa07ea7000 	C:\WINDOWS\System32\KERNEL32.DLL
0x00007ffa06b50000 - 0x00007ffa06f00000 	C:\WINDOWS\System32\KERNELBASE.dll
0x00007ffa06640000 - 0x00007ffa0678b000 	C:\WINDOWS\System32\ucrtbase.dll
0x00007ff9ecb00000 - 0x00007ff9ecb1b000 	C:\Program Files\Java\jdk-21\bin\VCRUNTIME140.dll
0x00007ff9ecb20000 - 0x00007ff9ecb39000 	C:\Program Files\Java\jdk-21\bin\jli.dll
0x00007ffa08b80000 - 0x00007ffa08c34000 	C:\WINDOWS\System32\ADVAPI32.dll
0x00007ffa07d00000 - 0x00007ffa07da9000 	C:\WINDOWS\System32\msvcrt.dll
0x00007ffa08cf0000 - 0x00007ffa08d96000 	C:\WINDOWS\System32\sechost.dll
0x00007ffa087b0000 - 0x00007ffa088c6000 	C:\WINDOWS\System32\RPCRT4.dll
0x00007ffa089b0000 - 0x00007ffa08b73000 	C:\WINDOWS\System32\USER32.dll
0x00007ffa06b20000 - 0x00007ffa06b47000 	C:\WINDOWS\System32\win32u.dll
0x00007ff9e8dd0000 - 0x00007ff9e9060000 	C:\WINDOWS\WinSxS\amd64_microsoft.windows.common-controls_6595b64144ccf1df_6.0.26100.1882_none_3e0e949ae32eca40\COMCTL32.dll
0x00007ffa07ad0000 - 0x00007ffa07afa000 	C:\WINDOWS\System32\GDI32.dll
0x00007ffa06f10000 - 0x00007ffa07033000 	C:\WINDOWS\System32\gdi32full.dll
0x00007ffa06790000 - 0x00007ffa06833000 	C:\WINDOWS\System32\msvcp_win.dll
0x00007ff9ff360000 - 0x00007ff9ff36b000 	C:\WINDOWS\SYSTEM32\VERSION.dll
0x00007ffa08340000 - 0x00007ffa0836f000 	C:\WINDOWS\System32\IMM32.DLL
0x00007ff9ecd10000 - 0x00007ff9ecd1c000 	C:\Program Files\Java\jdk-21\bin\vcruntime140_1.dll
0x00007ff9dc360000 - 0x00007ff9dc3ee000 	C:\Program Files\Java\jdk-21\bin\msvcp140.dll
0x00007ff9a7d10000 - 0x00007ff9a8a28000 	C:\Program Files\Java\jdk-21\bin\server\jvm.dll
0x00007ffa07b00000 - 0x00007ffa07b74000 	C:\WINDOWS\System32\WS2_32.dll
0x00007ffa064e0000 - 0x00007ffa0652e000 	C:\WINDOWS\SYSTEM32\POWRPROF.dll
0x00007ff9fb4b0000 - 0x00007ff9fb4e6000 	C:\WINDOWS\SYSTEM32\WINMM.dll
0x00007ffa064c0000 - 0x00007ffa064d4000 	C:\WINDOWS\SYSTEM32\UMPDC.dll
0x00007ffa05440000 - 0x00007ffa0545a000 	C:\WINDOWS\SYSTEM32\kernel.appcore.dll
0x00007ff9ecaf0000 - 0x00007ff9ecafa000 	C:\Program Files\Java\jdk-21\bin\jimage.dll
0x00007ff9fbe90000 - 0x00007ff9fc0d1000 	C:\WINDOWS\SYSTEM32\DBGHELP.DLL
0x00007ffa08e80000 - 0x00007ffa091fc000 	C:\WINDOWS\System32\combase.dll
0x00007ffa08da0000 - 0x00007ffa08e76000 	C:\WINDOWS\System32\OLEAUT32.dll
0x00007ff9f1ce0000 - 0x00007ff9f1d19000 	C:\WINDOWS\SYSTEM32\dbgcore.DLL
0x00007ffa069c0000 - 0x00007ffa06a59000 	C:\WINDOWS\System32\bcryptPrimitives.dll
0x00007ff9eb890000 - 0x00007ff9eb89f000 	C:\Program Files\Java\jdk-21\bin\instrument.dll
0x00007ff9eb8a0000 - 0x00007ff9eb8bf000 	C:\Program Files\Java\jdk-21\bin\java.dll
0x00007ffa07370000 - 0x00007ffa07a68000 	C:\WINDOWS\System32\SHELL32.dll
0x00007ffa043d0000 - 0x00007ffa04bfa000 	C:\WINDOWS\SYSTEM32\windows.storage.dll
0x00007ffa088d0000 - 0x00007ffa089a3000 	C:\WINDOWS\System32\SHCORE.dll
0x00007ffa07a70000 - 0x00007ffa07acd000 	C:\WINDOWS\System32\shlwapi.dll
0x00007ffa06560000 - 0x00007ffa06589000 	C:\WINDOWS\SYSTEM32\profapi.dll
0x00007ff9b63d0000 - 0x00007ff9b64a7000 	C:\Program Files\Java\jdk-21\bin\jsvml.dll
0x00007ff9e90f0000 - 0x00007ff9e9108000 	C:\Program Files\Java\jdk-21\bin\zip.dll
0x00007ff9ecae0000 - 0x00007ff9ecaf0000 	C:\Program Files\Java\jdk-21\bin\net.dll
0x00007ff9ff0f0000 - 0x00007ff9ff216000 	C:\WINDOWS\SYSTEM32\WINHTTP.dll
0x00007ffa059a0000 - 0x00007ffa05a08000 	C:\WINDOWS\system32\mswsock.dll
0x00007ff9eac10000 - 0x00007ff9eac26000 	C:\Program Files\Java\jdk-21\bin\nio.dll
0x00007ff9e0b70000 - 0x00007ff9e0b8a000 	C:\Users\luhmg\AppData\Local\Programs\IntelliJ IDEA Community Edition\bin\breakgen64.dll
0x00007ff9e90e0000 - 0x00007ff9e90e9000 	C:\Program Files\Java\jdk-21\bin\extnet.dll
0x00007ff9e5cd0000 - 0x00007ff9e5cda000 	C:\Program Files\Java\jdk-21\bin\management.dll
0x00007ff9e0b90000 - 0x00007ff9e0b9b000 	C:\Program Files\Java\jdk-21\bin\management_ext.dll
0x00007ffa08560000 - 0x00007ffa08568000 	C:\WINDOWS\System32\PSAPI.DLL
0x00007ff9eac00000 - 0x00007ff9eac0e000 	C:\Program Files\Java\jdk-21\bin\sunmscapi.dll
0x00007ffa06840000 - 0x00007ffa069b6000 	C:\WINDOWS\System32\CRYPT32.dll
0x00007ffa05e40000 - 0x00007ffa05e70000 	C:\WINDOWS\SYSTEM32\ncrypt.dll
0x00007ffa05df0000 - 0x00007ffa05e2f000 	C:\WINDOWS\SYSTEM32\NTASN1.dll
0x00007ffa05c40000 - 0x00007ffa05c5c000 	C:\WINDOWS\SYSTEM32\CRYPTSP.dll
0x00007ffa05400000 - 0x00007ffa05438000 	C:\WINDOWS\system32\rsaenh.dll
0x00007ffa05a40000 - 0x00007ffa05a6b000 	C:\WINDOWS\SYSTEM32\USERENV.dll
0x00007ffa05e80000 - 0x00007ffa05ea6000 	C:\WINDOWS\SYSTEM32\bcrypt.dll
0x00007ffa05c60000 - 0x00007ffa05c6c000 	C:\WINDOWS\SYSTEM32\CRYPTBASE.dll
0x00007ffa04ea0000 - 0x00007ffa04ed1000 	C:\WINDOWS\SYSTEM32\IPHLPAPI.DLL
0x00007ffa087a0000 - 0x00007ffa087aa000 	C:\WINDOWS\System32\NSI.dll
0x00007ff9e0b60000 - 0x00007ff9e0b70000 	C:\Program Files\Java\jdk-21\bin\verify.dll
0x00007ffa04f30000 - 0x00007ffa0504f000 	C:\WINDOWS\SYSTEM32\DNSAPI.dll
0x00007ffa01b20000 - 0x00007ffa01b2b000 	C:\Windows\System32\rasadhlp.dll
0x00007ff9fcd30000 - 0x00007ff9fcdb6000 	C:\WINDOWS\System32\fwpuclnt.dll

dbghelp: loaded successfully - version: 4.0.5 - missing functions: none
symbol engine: initialized successfully - sym options: 0x614 - pdb path: .;C:\Program Files\Java\jdk-21\bin;C:\WINDOWS\SYSTEM32;C:\WINDOWS\WinSxS\amd64_microsoft.windows.common-controls_6595b64144ccf1df_6.0.26100.1882_none_3e0e949ae32eca40;C:\Program Files\Java\jdk-21\bin\server;C:\Users\luhmg\AppData\Local\Programs\IntelliJ IDEA Community Edition\bin

VM Arguments:
jvm_args: -javaagent:C:\Users\luhmg\AppData\Local\Programs\IntelliJ IDEA Community Edition\lib\idea_rt.jar=50760:C:\Users\luhmg\AppData\Local\Programs\IntelliJ IDEA Community Edition\bin -Dfile.encoding=UTF-8 -Dsun.stdout.encoding=UTF-8 -Dsun.stderr.encoding=UTF-8 
java_command: com.luizgasparetto.universitysystem.UniversitySystemApplication
java_class_path (initial): C:\Users\luhmg\Desktop\University System\University-System\target\classes;C:\Users\luhmg\.m2\repository\org\springframework\boot\spring-boot-starter-data-jpa\3.4.1\spring-boot-starter-data-jpa-3.4.1.jar;C:\Users\luhmg\.m2\repository\org\springframework\boot\spring-boot-starter\3.4.1\spring-boot-starter-3.4.1.jar;C:\Users\luhmg\.m2\repository\org\springframework\boot\spring-boot-starter-logging\3.4.1\spring-boot-starter-logging-3.4.1.jar;C:\Users\luhmg\.m2\repository\ch\qos\logback\logback-classic\1.5.12\logback-classic-1.5.12.jar;C:\Users\luhmg\.m2\repository\ch\qos\logback\logback-core\1.5.12\logback-core-1.5.12.jar;C:\Users\luhmg\.m2\repository\org\apache\logging\log4j\log4j-to-slf4j\2.24.3\log4j-to-slf4j-2.24.3.jar;C:\Users\luhmg\.m2\repository\org\apache\logging\log4j\log4j-api\2.24.3\log4j-api-2.24.3.jar;C:\Users\luhmg\.m2\repository\org\slf4j\jul-to-slf4j\2.0.16\jul-to-slf4j-2.0.16.jar;C:\Users\luhmg\.m2\repository\jakarta\annotation\jakarta.annotation-api\2.1.1\jakarta.annotation-api-2.1.1.jar;C:\Users\luhmg\.m2\repository\org\yaml\snakeyaml\2.3\snakeyaml-2.3.jar;C:\Users\luhmg\.m2\repository\org\springframework\boot\spring-boot-starter-jdbc\3.4.1\spring-boot-starter-jdbc-3.4.1.jar;C:\Users\luhmg\.m2\repository\com\zaxxer\HikariCP\5.1.0\HikariCP-5.1.0.jar;C:\Users\luhmg\.m2\repository\org\springframework\spring-jdbc\6.2.1\spring-jdbc-6.2.1.jar;C:\Users\luhmg\.m2\repository\org\hibernate\orm\hibernate-core\6.6.4.Final\hibernate-core-6.6.4.Final.jar;C:\Users\luhmg\.m2\repository\jakarta\persistence\jakarta.persistence-api\3.1.0\jakarta.persistence-api-3.1.0.jar;C:\Users\luhmg\.m2\repository\jakarta\transaction\jakarta.transaction-api\2.0.1\jakarta.transaction-api-2.0.1.jar;C:\Users\luhmg\.m2\repository\org\hibernate\common\hibernate-commons-annotations\7.0.3.Final\hibernate-commons-annotations-7.0.3.Final.jar;C:\Users\luhmg\.m2\repository\io\smallrye\jandex\3.2.0\jandex-3.2.0.jar;C:\Users\luhmg\.m2\repository\net\bytebuddy\byte-buddy\1.15.11\byte-buddy-1.15.11.jar;C:\Users\luhmg\.m2\repository\org\glassfish\jaxb\jaxb-runtime\4.0.5\jaxb-runtime-4.0.5.jar;C:\Users\luhmg\.m2\repository\org\glassfish\jaxb\jaxb-core\4.0.5\jaxb-core-4.0.5.jar;C:\Users\luhmg\.m2\repository\org\eclipse\angus\angus-activation\2.0.2\angus-activation-2.0.2.jar;C:\Users\luhmg\.m2\repository\org\glassfish\jaxb\txw2\4.0.5\txw2-4.0.5.jar;C:\Users\luhmg\.m2\repository\com\sun\istack\istack-commons-runtime\4.1.2\istack-commons-runtime-4.1.2.jar;C:\Users\luhmg\.m2\repository\jakarta\inject\jakarta.inject-api\2.0.1\jakarta.inject-api-2.0.1.jar;C:\Users\luhmg\.m2\repository\org\antlr\antlr4-runtime\4.13.0\antlr4-runtime-4.13.0.jar;C:\Users\luhmg\.m2\repository\org\springframework\data\spring-data-jpa\3.4.1\spring-data-jpa-3.4.1.jar;C:\Users\luhmg\.m2\repository\org\springframework\data\spring-data-commons\3.4.1\spring-data-commons-3.4.1.jar;C:\Users\luhmg\.m2\repository\org\springframework\spring-orm\6.2.1\spring-orm-6.2.1.jar;C:\Users\luhmg\.m2\repository\org\springframework\spring-context\6.2.1\spring-context-6.2.1.jar;C:\Users\luhmg\.m2\repository\org\springframework\spring-tx\6.2.1\spring-tx-6.2.1.jar;C:\Users\luhmg\.m2\repository\org\springframework\spring-beans\6.2.1\spring-beans-6.2.1.jar;C:\Users\luhmg\.m2\repository\org\slf4j\slf4j-api\2.0.16\slf4j-api-2.0.16.jar;C:\Users\luhmg\.m2\repository\org\springframework\spring-aspects\6.2.1\spring-aspects-6.2.1.jar;C:\Users\luhmg\.m2\repository\org\aspectj\aspectjweaver\1.9.22.1\aspectjweaver-1.9.22.1.jar;C:\Users\luhmg\.m2\repository\org\springframework\boot\spring-boot-starter-security\3.4.1\spring-boot-starter-security-3.4.1.jar;C:\Users\luhmg\.m2\repository\org\springframework\spring-aop\6.2.1\spring-aop-6.2.1.jar;C:\Users\luhmg\.m2\repository\org\springframework\security\spring-security-config\6.4.2\spring-security-config-6.4.2.jar;C:\Users\luhmg\.m2\repository\org\springframework\security\spring-security-web\6.4.2\spring-security-web-6.4.2.jar;C:\Users\luhmg\.m2\repository\org\springframework\spring-expression\6.2.1\spring-expression-6.2.1.jar;C:\Users\luhmg\.m2\repository\org\springframework\boot\spring-boot-starter-web\3.4.1\spring-boot-starter-web-3.4.1.jar;C:\Users\luhmg\.m2\repository\org\springframework\boot\spring-boot-starter-json\3.4.1\spring-boot-starter-json-3.4.1.jar;C:\Users\luhmg\.m2\repository\com\fasterxml\jackson\datatype\jackson-datatype-jdk8\2.18.2\jackson-datatype-jdk8-2.18.2.jar;C:\Users\luhmg\.m2\repository\com\fasterxml\jackson\datatype\jackson-datatype-jsr310\2.18.2\jackson-datatype-jsr310-2.18.2.jar;C:\Users\luhmg\.m2\repository\com\fasterxml\jackson\module\jackson-module-parameter-names\2.18.2\jackson-module-parameter-names-2.18.2.jar;C:\Users\luhmg\.m2\repository\org\springframework\boot\spring-boot-starter-tomcat\3.4.1\spring-boot-starter-tomcat-3.4.1.jar;C:\Users\luhmg\.m2\repository\org\apache\tomcat\embed\tomcat-embed-core\10.1.34\tomcat-embed-core-10.1.34.jar;C:\Users\luhmg\.m2\repository\org\apache\tomcat\embed\tomcat-embed-el\10.1.34\tomcat-embed-el-10.1.34.jar;C:\Users\luhmg\.m2\repository\org\apache\tomcat\embed\tomcat-embed-websocket\10.1.34\tomcat-embed-websocket-10.1.34.jar;C:\Users\luhmg\.m2\repository\org\springframework\spring-web\6.2.1\spring-web-6.2.1.jar;C:\Users\luhmg\.m2\repository\io\micrometer\micrometer-observation\1.14.2\micrometer-observation-1.14.2.jar;C:\Users\luhmg\.m2\repository\io\micrometer\micrometer-commons\1.14.2\micrometer-commons-1.14.2.jar;C:\Users\luhmg\.m2\repository\org\springframework\spring-webmvc\6.2.1\spring-webmvc-6.2.1.jar;C:\Users\luhmg\.m2\repository\org\springframework\boot\spring-boot-devtools\3.4.1\spring-boot-devtools-3.4.1.jar;C:\Users\luhmg\.m2\repository\org\springframework\boot\spring-boot\3.4.1\spring-boot-3.4.1.jar;C:\Users\luhmg\.m2\repository\org\springframework\boot\spring-boot-autoconfigure\3.4.1\spring-boot-autoconfigure-3.4.1.jar;C:\Users\luhmg\.m2\repository\org\projectlombok\lombok\1.18.36\lombok-1.18.36.jar;C:\Users\luhmg\.m2\repository\jakarta\xml\bind\jakarta.xml.bind-api\4.0.2\jakarta.xml.bind-api-4.0.2.jar;C:\Users\luhmg\.m2\repository\jakarta\activation\jakarta.activation-api\2.1.3\jakarta.activation-api-2.1.3.jar;C:\Users\luhmg\.m2\repository\org\springframework\spring-core\6.2.1\spring-core-6.2.1.jar;C:\Users\luhmg\.m2\repository\org\springframework\spring-jcl\6.2.1\spring-jcl-6.2.1.jar;C:\Users\luhmg\.m2\repository\org\springframework\security\spring-security-core\6.4.2\spring-security-core-6.4.2.jar;C:\Users\luhmg\.m2\repository\org\springframework\security\spring-security-crypto\6.4.2\spring-security-crypto-6.4.2.jar;C:\Users\luhmg\.m2\repository\com\auth0\java-jwt\4.4.0\java-jwt-4.4.0.jar;C:\Users\luhmg\.m2\repository\com\fasterxml\jackson\core\jackson-databind\2.18.2\jackson-databind-2.18.2.jar;C:\Users\luhmg\.m2\repository\com\fasterxml\jackson\core\jackson-annotations\2.18.2\jackson-annotations-2.18.2.jar;C:\Users\luhmg\.m2\repository\com\fasterxml\jackson\core\jackson-core\2.18.2\jackson-core-2.18.2.jar;C:\Users\luhmg\.m2\repository\org\postgresql\postgresql\42.7.4\postgresql-42.7.4.jar;C:\Users\luhmg\.m2\repository\org\checkerframework\checker-qual\3.42.0\checker-qual-3.42.0.jar;C:\Users\luhmg\.m2\repository\org\hibernate\validator\hibernate-validator\8.0.0.Final\hibernate-validator-8.0.0.Final.jar;C:\Users\luhmg\.m2\repository\jakarta\validation\jakarta.validation-api\3.0.2\jakarta.validation-api-3.0.2.jar;C:\Users\luhmg\.m2\repository\org\jboss\logging\jboss-logging\3.6.1.Final\jboss-logging-3.6.1.Final.jar;C:\Users\luhmg\.m2\repository\com\fasterxml\classmate\1.7.0\classmate-1.7.0.jar;C:\Users\luhmg\.m2\repository\org\springdoc\springdoc-openapi-starter-webmvc-ui\2.3.0\springdoc-openapi-starter-webmvc-ui-2.3.0.jar;C:\Users\luhmg\.m2\repository\org\springdoc\springdoc-openapi-starter-webmvc-api\2.3.0\springdoc-openapi-starter-webmvc-api-2.3.0.jar;C:\Users\luhmg\.m2\repository\org\springdoc\springdoc-openapi-starter-common\2.3.0\springdoc-openapi-starter-common-2.3.0.jar;C:\Users\luhmg\.m2\repository\io\swagger\core\v3\swagger-core-jakarta\2.2.19\swagger-core-jakarta-2.2.19.jar;C:\Users\luhmg\.m2\repository\org\apache\commons\commons-lang3\3.17.0\commons-lang3-3.17.0.jar;C:\Users\luhmg\.m2\repository\io\swagger\core\v3\swagger-annotations-jakarta\2.2.19\swagger-annotations-jakarta-2.2.19.jar;C:\Users\luhmg\.m2\repository\io\swagger\core\v3\swagger-models-jakarta\2.2.19\swagger-models-jakarta-2.2.19.jar;C:\Users\luhmg\.m2\repository\com\fasterxml\jackson\dataformat\jackson-dataformat-yaml\2.18.2\jackson-dataformat-yaml-2.18.2.jar;C:\Users\luhmg\.m2\repository\org\webjars\swagger-ui\5.10.3\swagger-ui-5.10.3.jar
Launcher Type: SUN_STANDARD

[Global flags]
     intx CICompilerCount                          = 4                                         {product} {ergonomic}
     uint ConcGCThreads                            = 3                                         {product} {ergonomic}
     uint G1ConcRefinementThreads                  = 10                                        {product} {ergonomic}
   size_t G1HeapRegionSize                         = 1048576                                   {product} {ergonomic}
    uintx GCDrainStackTargetSize                   = 64                                        {product} {ergonomic}
   size_t InitialHeapSize                          = 98566144                                  {product} {ergonomic}
   size_t MarkStackSize                            = 4194304                                   {product} {ergonomic}
   size_t MaxHeapSize                              = 1574961152                                {product} {ergonomic}
   size_t MaxNewSize                               = 944766976                                 {product} {ergonomic}
   size_t MinHeapDeltaBytes                        = 1048576                                   {product} {ergonomic}
   size_t MinHeapSize                              = 8388608                                   {product} {ergonomic}
    uintx NonNMethodCodeHeapSize                   = 5839372                                {pd product} {ergonomic}
    uintx NonProfiledCodeHeapSize                  = 122909434                              {pd product} {ergonomic}
    uintx ProfiledCodeHeapSize                     = 122909434                              {pd product} {ergonomic}
    uintx ReservedCodeCacheSize                    = 251658240                              {pd product} {ergonomic}
     bool SegmentedCodeCache                       = true                                      {product} {ergonomic}
   size_t SoftMaxHeapSize                          = 1574961152                             {manageable} {ergonomic}
     bool UseCompressedOops                        = true                           {product lp64_product} {ergonomic}
     bool UseG1GC                                  = true                                      {product} {ergonomic}
     bool UseLargePagesIndividualAllocation        = false                                  {pd product} {ergonomic}

Logging:
Log output configuration:
 #0: stdout all=warning uptime,level,tags foldmultilines=false
 #1: stderr all=off uptime,level,tags foldmultilines=false

Environment Variables:
JAVA_HOME=C:\Program Files\Java\jdk-21
PATH=C:\Users\luhmg\Desktop\dartsdk-windows-x64-release\dart-sdk\bin;C:\WINDOWS\system32;C:\WINDOWS;C:\WINDOWS\System32\Wbem;C:\WINDOWS\System32\WindowsPowerShell\v1.0\;C:\WINDOWS\System32\OpenSSH\;node_modules\npm\bin;C:\Program Files\Java\jdk-17\bin;C:\Program Files\Git\cmd;C:\Program Files\Terraform;C:\Program Files\Amazon\AWSCLIV2\;C:\Program Files\PostgreSQL\17\bin;C:\ProgramData\chocolatey\bin;C:\Program Files\dotnet\;C:\Users\luhmg\Desktop\cmder\bin;C:\Program Files\Docker\Docker\resources\bin;C:\Users\luhmg\AppData\Local\Android\Sdk\platform-tools;C:\Users\luhmg\AppData\Roaming\nvm;C:\Program Files\nodejs;C:\Program Files\nodejs\node_modules\npm\bin;C:\Users\luhmg\Desktop\flipper-server\package\lib;C:\Program Files (x86)\PowerShell\7\;C:\Program Files\Java\jdk-21\bin;C:\Users\luhmg\AppData\Local\Programs\Python\Python313\Lib;C:\Program Files\Java\jdk-21\bin;C:\Users\luhmg\Desktop\flutter\bin;C:\Program Files\GrafanaLabs\grafana\bin;C:\Users\luhmg\Desktop\nginx-1.27.3\nginx-1.27.3;C:\Users\luhmg;C:\Program Files\obs-studio\bin;C:\Users\luhmg;C:\Users\luhmg\Downloads\commandlinetools-win-11076708_latest\cmdline-tools\bin;C:\Users\luhmg\AppData\Local\Android\Sdk\cmdline-tools\latest\bin;C:\Users\luhmg\AppData\Local\Android\Sdk\platform-tools;C:\flutter\bin;C:\Users\luhmg\Desktop\elasticsearch-8.17.0\bin;C:\Users\luhmg\Desktop\nginx-1.24.0\nginx-1.24.0\conf;C:\Users\luhmg\Desktop\nginx-1.24.0;C:\Users\luhmg\Desktop\nginx-1.24.0\nginx-1.24.0;C:\Users\luhmg;C:\apache-maven-3.9.9\bin;C:\Users\luhmg\.cargo\bin;C:\Users\luhmg\AppData\Local\Programs\Python\Python313\Scripts\;C:\Users\luhmg\AppData\Local\Programs\Python\Python313\;C:\Users\luhmg\AppData\Local\Programs\Python\Launcher\;C:\Program Files\MySQL\MySQL Shell 8.0\bin\;C:\Users\luhmg\AppData\Local\Microsoft\WindowsApps;C:\Users\luhmg\AppData\Roaming\npm;C:\Users\luhmg\AppData\Local\JetBrains\Toolbox\scripts;C:\Users\luhmg\AppData\Local\Programs\Microsoft VS Code\bin;C:\Users\luhmg\AppData\Local\Programs\mongosh\;C:\Program Files\JetBrains\WebStorm 2024.2.4\bin;C:\Program Files\heroku\bin;C:\tools\dart-sdk\bin;C:\Users\luhmg\AppData\Local\Pub\Cache\bin;C:\Program Files\\Elastic\Beats\8.17.0\filebeat
USERNAME=luhmg
OS=Windows_NT
PROCESSOR_IDENTIFIER=AMD64 Family 23 Model 104 Stepping 1, AuthenticAMD
TMP=C:\Users\luhmg\AppData\Local\Temp
TEMP=C:\Users\luhmg\AppData\Local\Temp




Periodic native trim disabled

---------------  S Y S T E M  ---------------

OS:
 Windows 11 , 64 bit Build 26100 (10.0.26100.1882)
OS uptime: 2 days 13:09 hours
Hyper-V role detected

CPU: total 12 (initial active 12) (12 cores per cpu, 2 threads per core) family 23 model 104 stepping 1 microcode 0x8608103, cx8, cmov, fxsr, ht, mmx, 3dnowpref, sse, sse2, sse3, ssse3, sse4a, sse4.1, sse4.2, popcnt, lzcnt, tsc, tscinvbit, avx, avx2, aes, clmul, bmi1, bmi2, adx, sha, fma, vzeroupper, clflush, clflushopt, hv, rdtscp, rdpid, f16c
Processor Information for processor 0
  Max Mhz: 2100, Current Mhz: 2100, Mhz Limit: 2100
Processor Information for processor 1
  Max Mhz: 2100, Current Mhz: 1988, Mhz Limit: 2100
Processor Information for processor 2
  Max Mhz: 2100, Current Mhz: 2100, Mhz Limit: 2100
Processor Information for processor 3
  Max Mhz: 2100, Current Mhz: 2100, Mhz Limit: 2100
Processor Information for processor 4
  Max Mhz: 2100, Current Mhz: 2100, Mhz Limit: 2100
Processor Information for processor 5
  Max Mhz: 2100, Current Mhz: 2100, Mhz Limit: 2100
Processor Information for processor 6
  Max Mhz: 2100, Current Mhz: 2100, Mhz Limit: 2100
Processor Information for processor 7
  Max Mhz: 2100, Current Mhz: 1988, Mhz Limit: 2100
Processor Information for processor 8
  Max Mhz: 2100, Current Mhz: 2100, Mhz Limit: 2100
Processor Information for processor 9
  Max Mhz: 2100, Current Mhz: 1988, Mhz Limit: 2100
Processor Information for processor 10
  Max Mhz: 2100, Current Mhz: 2100, Mhz Limit: 2100
Processor Information for processor 11
  Max Mhz: 2100, Current Mhz: 1988, Mhz Limit: 2100

Memory: 4k page, system-wide physical 6005M (374M free)
TotalPageFile size 24437M (AvailPageFile size 6M)
current process WorkingSet (physical memory assigned to process): 269M, peak: 282M
current process commit charge ("private bytes"): 316M, peak: 325M

vm_info: Java HotSpot(TM) 64-Bit Server VM (21.0.5+9-LTS-239) for windows-amd64 JRE (21.0.5+9-LTS-239), built on 2024-09-30T05:17:38Z by "mach5one" with MS VC++ 17.6 (VS2022)

END.
